2017-03-21 00:48:54,857 Node[0] start with arguments Namespace(batch_size=16, clip_gradient=5.0, data_dir='./data', data_shape=224, finetune=True, finetune_scale=10.0, gpus='0', kv_store='local', load_epoch=0, log_dir='checkpoints', log_file='resnet101a.log', lr=0.001, lr_factor=0.5, lr_factor_epoch=15.0, model_prefix='models/resnet-101', network='resnet-101', num_classes=8, num_epochs=200, num_examples=3399, save_model_prefix='checkpoints/resnet101a', train_dataset='train_480.rec', val_dataset='val_480.rec')
2017-03-21 00:49:01,069 Node[0] Epoch[0] Batch [50]	Speed: 283.80 samples/sec	Train-accuracy=0.444853
2017-03-21 00:49:01,069 Node[0] Epoch[0] Batch [50]	Speed: 283.80 samples/sec	Train-cross-entropy=1.704103
2017-03-21 00:49:03,894 Node[0] Epoch[0] Batch [100]	Speed: 283.15 samples/sec	Train-accuracy=0.496250
2017-03-21 00:49:03,895 Node[0] Epoch[0] Batch [100]	Speed: 283.15 samples/sec	Train-cross-entropy=1.522379
2017-03-21 00:49:06,729 Node[0] Epoch[0] Batch [150]	Speed: 282.24 samples/sec	Train-accuracy=0.487500
2017-03-21 00:49:06,730 Node[0] Epoch[0] Batch [150]	Speed: 282.24 samples/sec	Train-cross-entropy=1.515462
2017-03-21 00:49:09,548 Node[0] Epoch[0] Batch [200]	Speed: 283.90 samples/sec	Train-accuracy=0.470000
2017-03-21 00:49:09,548 Node[0] Epoch[0] Batch [200]	Speed: 283.90 samples/sec	Train-cross-entropy=1.526947
2017-03-21 00:49:10,231 Node[0] Epoch[0] Train-accuracy=0.453125
2017-03-21 00:49:10,231 Node[0] Epoch[0] Train-cross-entropy=1.512222
2017-03-21 00:49:10,231 Node[0] Epoch[0] Time cost=12.129
2017-03-21 00:49:10,557 Node[0] Saved checkpoint to "checkpoints/resnet101a-0001.params"
2017-03-21 00:49:11,967 Node[0] Epoch[0] Validation-accuracy=0.526042
2017-03-21 00:49:11,967 Node[0] Epoch[0] Validation-cross-entropy=1.419364
2017-03-21 00:49:14,874 Node[0] Epoch[1] Batch [50]	Speed: 281.29 samples/sec	Train-accuracy=0.508578
2017-03-21 00:49:14,874 Node[0] Epoch[1] Batch [50]	Speed: 281.29 samples/sec	Train-cross-entropy=1.456028
2017-03-21 00:49:17,723 Node[0] Epoch[1] Batch [100]	Speed: 280.80 samples/sec	Train-accuracy=0.562500
2017-03-21 00:49:17,724 Node[0] Epoch[1] Batch [100]	Speed: 280.80 samples/sec	Train-cross-entropy=1.352087
2017-03-21 00:49:20,607 Node[0] Epoch[1] Batch [150]	Speed: 277.52 samples/sec	Train-accuracy=0.498750
2017-03-21 00:49:20,607 Node[0] Epoch[1] Batch [150]	Speed: 277.52 samples/sec	Train-cross-entropy=1.445070
2017-03-21 00:49:23,488 Node[0] Epoch[1] Batch [200]	Speed: 277.69 samples/sec	Train-accuracy=0.501250
2017-03-21 00:49:23,488 Node[0] Epoch[1] Batch [200]	Speed: 277.69 samples/sec	Train-cross-entropy=1.417672
2017-03-21 00:49:24,113 Node[0] Epoch[1] Train-accuracy=0.517045
2017-03-21 00:49:24,113 Node[0] Epoch[1] Train-cross-entropy=1.416179
2017-03-21 00:49:24,113 Node[0] Epoch[1] Time cost=12.146
2017-03-21 00:49:24,573 Node[0] Saved checkpoint to "checkpoints/resnet101a-0002.params"
2017-03-21 00:49:25,884 Node[0] Epoch[1] Validation-accuracy=0.570312
2017-03-21 00:49:25,885 Node[0] Epoch[1] Validation-cross-entropy=1.333630
2017-03-21 00:49:28,886 Node[0] Epoch[2] Batch [50]	Speed: 272.79 samples/sec	Train-accuracy=0.515931
2017-03-21 00:49:28,886 Node[0] Epoch[2] Batch [50]	Speed: 272.79 samples/sec	Train-cross-entropy=1.389319
2017-03-21 00:49:31,801 Node[0] Epoch[2] Batch [100]	Speed: 274.52 samples/sec	Train-accuracy=0.562500
2017-03-21 00:49:31,801 Node[0] Epoch[2] Batch [100]	Speed: 274.52 samples/sec	Train-cross-entropy=1.293475
2017-03-21 00:49:34,712 Node[0] Epoch[2] Batch [150]	Speed: 274.86 samples/sec	Train-accuracy=0.505000
2017-03-21 00:49:34,712 Node[0] Epoch[2] Batch [150]	Speed: 274.86 samples/sec	Train-cross-entropy=1.382357
2017-03-21 00:49:37,611 Node[0] Epoch[2] Batch [200]	Speed: 275.96 samples/sec	Train-accuracy=0.503750
2017-03-21 00:49:37,611 Node[0] Epoch[2] Batch [200]	Speed: 275.96 samples/sec	Train-cross-entropy=1.387284
2017-03-21 00:49:38,305 Node[0] Epoch[2] Train-accuracy=0.510417
2017-03-21 00:49:38,306 Node[0] Epoch[2] Train-cross-entropy=1.352366
2017-03-21 00:49:38,306 Node[0] Epoch[2] Time cost=12.421
2017-03-21 00:49:38,614 Node[0] Saved checkpoint to "checkpoints/resnet101a-0003.params"
2017-03-21 00:49:39,882 Node[0] Epoch[2] Validation-accuracy=0.600543
2017-03-21 00:49:39,883 Node[0] Epoch[2] Validation-cross-entropy=1.264083
2017-03-21 00:49:42,995 Node[0] Epoch[3] Batch [50]	Speed: 262.66 samples/sec	Train-accuracy=0.526961
2017-03-21 00:49:42,995 Node[0] Epoch[3] Batch [50]	Speed: 262.66 samples/sec	Train-cross-entropy=1.335057
2017-03-21 00:49:45,868 Node[0] Epoch[3] Batch [100]	Speed: 278.54 samples/sec	Train-accuracy=0.573750
2017-03-21 00:49:45,868 Node[0] Epoch[3] Batch [100]	Speed: 278.54 samples/sec	Train-cross-entropy=1.236661
2017-03-21 00:49:48,740 Node[0] Epoch[3] Batch [150]	Speed: 278.61 samples/sec	Train-accuracy=0.543750
2017-03-21 00:49:48,740 Node[0] Epoch[3] Batch [150]	Speed: 278.61 samples/sec	Train-cross-entropy=1.329204
2017-03-21 00:49:51,618 Node[0] Epoch[3] Batch [200]	Speed: 277.92 samples/sec	Train-accuracy=0.531250
2017-03-21 00:49:51,619 Node[0] Epoch[3] Batch [200]	Speed: 277.92 samples/sec	Train-cross-entropy=1.309331
2017-03-21 00:49:52,249 Node[0] Epoch[3] Train-accuracy=0.528409
2017-03-21 00:49:52,250 Node[0] Epoch[3] Train-cross-entropy=1.336141
2017-03-21 00:49:52,250 Node[0] Epoch[3] Time cost=12.367
2017-03-21 00:49:52,738 Node[0] Saved checkpoint to "checkpoints/resnet101a-0004.params"
2017-03-21 00:49:54,110 Node[0] Epoch[3] Validation-accuracy=0.622396
2017-03-21 00:49:54,110 Node[0] Epoch[3] Validation-cross-entropy=1.219304
2017-03-21 00:49:57,200 Node[0] Epoch[4] Batch [50]	Speed: 264.68 samples/sec	Train-accuracy=0.530637
2017-03-21 00:49:57,200 Node[0] Epoch[4] Batch [50]	Speed: 264.68 samples/sec	Train-cross-entropy=1.336215
2017-03-21 00:50:00,117 Node[0] Epoch[4] Batch [100]	Speed: 274.30 samples/sec	Train-accuracy=0.562500
2017-03-21 00:50:00,117 Node[0] Epoch[4] Batch [100]	Speed: 274.30 samples/sec	Train-cross-entropy=1.277471
2017-03-21 00:50:03,009 Node[0] Epoch[4] Batch [150]	Speed: 276.62 samples/sec	Train-accuracy=0.536250
2017-03-21 00:50:03,010 Node[0] Epoch[4] Batch [150]	Speed: 276.62 samples/sec	Train-cross-entropy=1.285858
2017-03-21 00:50:05,851 Node[0] Epoch[4] Batch [200]	Speed: 281.56 samples/sec	Train-accuracy=0.545000
2017-03-21 00:50:05,851 Node[0] Epoch[4] Batch [200]	Speed: 281.56 samples/sec	Train-cross-entropy=1.296529
2017-03-21 00:50:06,537 Node[0] Epoch[4] Train-accuracy=0.567708
2017-03-21 00:50:06,537 Node[0] Epoch[4] Train-cross-entropy=1.289972
2017-03-21 00:50:06,537 Node[0] Epoch[4] Time cost=12.427
2017-03-21 00:50:07,060 Node[0] Saved checkpoint to "checkpoints/resnet101a-0005.params"
2017-03-21 00:50:08,416 Node[0] Epoch[4] Validation-accuracy=0.580729
2017-03-21 00:50:08,416 Node[0] Epoch[4] Validation-cross-entropy=1.224805
2017-03-21 00:50:11,461 Node[0] Epoch[5] Batch [50]	Speed: 268.65 samples/sec	Train-accuracy=0.545343
2017-03-21 00:50:11,461 Node[0] Epoch[5] Batch [50]	Speed: 268.65 samples/sec	Train-cross-entropy=1.280002
2017-03-21 00:50:14,338 Node[0] Epoch[5] Batch [100]	Speed: 278.09 samples/sec	Train-accuracy=0.566250
2017-03-21 00:50:14,338 Node[0] Epoch[5] Batch [100]	Speed: 278.09 samples/sec	Train-cross-entropy=1.214816
2017-03-21 00:50:17,218 Node[0] Epoch[5] Batch [150]	Speed: 277.80 samples/sec	Train-accuracy=0.552500
2017-03-21 00:50:17,219 Node[0] Epoch[5] Batch [150]	Speed: 277.80 samples/sec	Train-cross-entropy=1.269509
2017-03-21 00:50:20,098 Node[0] Epoch[5] Batch [200]	Speed: 277.88 samples/sec	Train-accuracy=0.515000
2017-03-21 00:50:20,098 Node[0] Epoch[5] Batch [200]	Speed: 277.88 samples/sec	Train-cross-entropy=1.326568
2017-03-21 00:50:20,712 Node[0] Epoch[5] Train-accuracy=0.596591
2017-03-21 00:50:20,712 Node[0] Epoch[5] Train-cross-entropy=1.215351
2017-03-21 00:50:20,712 Node[0] Epoch[5] Time cost=12.296
2017-03-21 00:50:21,174 Node[0] Saved checkpoint to "checkpoints/resnet101a-0006.params"
2017-03-21 00:50:22,471 Node[0] Epoch[5] Validation-accuracy=0.605978
2017-03-21 00:50:22,471 Node[0] Epoch[5] Validation-cross-entropy=1.178410
2017-03-21 00:50:25,567 Node[0] Epoch[6] Batch [50]	Speed: 264.29 samples/sec	Train-accuracy=0.555147
2017-03-21 00:50:25,567 Node[0] Epoch[6] Batch [50]	Speed: 264.29 samples/sec	Train-cross-entropy=1.262744
2017-03-21 00:50:28,528 Node[0] Epoch[6] Batch [100]	Speed: 270.16 samples/sec	Train-accuracy=0.582500
2017-03-21 00:50:28,528 Node[0] Epoch[6] Batch [100]	Speed: 270.16 samples/sec	Train-cross-entropy=1.220950
2017-03-21 00:50:31,368 Node[0] Epoch[6] Batch [150]	Speed: 281.78 samples/sec	Train-accuracy=0.545000
2017-03-21 00:50:31,368 Node[0] Epoch[6] Batch [150]	Speed: 281.78 samples/sec	Train-cross-entropy=1.248745
2017-03-21 00:50:34,240 Node[0] Epoch[6] Batch [200]	Speed: 278.54 samples/sec	Train-accuracy=0.532500
2017-03-21 00:50:34,240 Node[0] Epoch[6] Batch [200]	Speed: 278.54 samples/sec	Train-cross-entropy=1.305129
2017-03-21 00:50:34,930 Node[0] Epoch[6] Train-accuracy=0.598958
2017-03-21 00:50:34,930 Node[0] Epoch[6] Train-cross-entropy=1.195103
2017-03-21 00:50:34,930 Node[0] Epoch[6] Time cost=12.459
2017-03-21 00:50:35,462 Node[0] Saved checkpoint to "checkpoints/resnet101a-0007.params"
2017-03-21 00:50:36,727 Node[0] Epoch[6] Validation-accuracy=0.611979
2017-03-21 00:50:36,728 Node[0] Epoch[6] Validation-cross-entropy=1.190748
2017-03-21 00:50:39,683 Node[0] Epoch[7] Batch [50]	Speed: 276.49 samples/sec	Train-accuracy=0.533088
2017-03-21 00:50:39,683 Node[0] Epoch[7] Batch [50]	Speed: 276.49 samples/sec	Train-cross-entropy=1.301566
2017-03-21 00:50:42,539 Node[0] Epoch[7] Batch [100]	Speed: 280.14 samples/sec	Train-accuracy=0.566250
2017-03-21 00:50:42,539 Node[0] Epoch[7] Batch [100]	Speed: 280.14 samples/sec	Train-cross-entropy=1.212503
2017-03-21 00:50:45,385 Node[0] Epoch[7] Batch [150]	Speed: 281.11 samples/sec	Train-accuracy=0.557500
2017-03-21 00:50:45,386 Node[0] Epoch[7] Batch [150]	Speed: 281.11 samples/sec	Train-cross-entropy=1.244138
2017-03-21 00:50:48,240 Node[0] Epoch[7] Batch [200]	Speed: 280.24 samples/sec	Train-accuracy=0.531250
2017-03-21 00:50:48,241 Node[0] Epoch[7] Batch [200]	Speed: 280.24 samples/sec	Train-cross-entropy=1.286740
