2016-11-04 18:35:24,713 Node[0] start with arguments Namespace(batch_size=64, clip_gradient=5.0, data_dir='./data', data_shape=224, finetune=True, finetune_scale=10.0, gpus='0', kv_store='local', load_epoch=1, log_dir='checkpoints', log_file='inception-bn.log', lr=0.001, lr_factor=0.5, lr_factor_epoch=15.0, model_prefix='checkpoints/Inception-BN', network='inception-bn', num_classes=4, num_epochs=5, num_examples=915, save_model_prefix='checkpoints/inception-bn', train_dataset='train.rec', val_dataset='val.rec')
2016-11-04 18:35:28,014 Node[0] Epoch[0] Train-accuracy=0.677083
2016-11-04 18:35:28,014 Node[0] Epoch[0] Train-cross-entropy=0.809037
2016-11-04 18:35:28,014 Node[0] Epoch[0] Time cost=1.965
2016-11-04 18:35:28,063 Node[0] Saved checkpoint to "checkpoints/inception-bn-0001.params"
2016-11-04 18:35:28,314 Node[0] Epoch[0] Validation-accuracy=0.984375
2016-11-04 18:35:28,314 Node[0] Epoch[0] Validation-cross-entropy=0.219487
2016-11-04 18:35:30,155 Node[0] Epoch[1] Train-accuracy=0.957589
2016-11-04 18:35:30,155 Node[0] Epoch[1] Train-cross-entropy=0.176935
2016-11-04 18:35:30,155 Node[0] Epoch[1] Time cost=1.841
2016-11-04 18:35:30,202 Node[0] Saved checkpoint to "checkpoints/inception-bn-0002.params"
2016-11-04 18:35:30,414 Node[0] Epoch[1] Validation-accuracy=0.968750
2016-11-04 18:35:30,414 Node[0] Epoch[1] Validation-cross-entropy=0.110248
2016-11-04 18:35:32,252 Node[0] Epoch[2] Train-accuracy=0.981027
2016-11-04 18:35:32,252 Node[0] Epoch[2] Train-cross-entropy=0.110878
2016-11-04 18:35:32,252 Node[0] Epoch[2] Time cost=1.838
2016-11-04 18:35:32,297 Node[0] Saved checkpoint to "checkpoints/inception-bn-0003.params"
2016-11-04 18:35:32,550 Node[0] Epoch[2] Validation-accuracy=0.976562
2016-11-04 18:35:32,550 Node[0] Epoch[2] Validation-cross-entropy=0.063836
2016-11-04 18:35:34,538 Node[0] Epoch[3] Train-accuracy=0.988542
2016-11-04 18:35:34,538 Node[0] Epoch[3] Train-cross-entropy=0.086940
2016-11-04 18:35:34,538 Node[0] Epoch[3] Time cost=1.988
2016-11-04 18:35:34,583 Node[0] Saved checkpoint to "checkpoints/inception-bn-0004.params"
2016-11-04 18:35:34,791 Node[0] Epoch[3] Validation-accuracy=0.968750
2016-11-04 18:35:34,792 Node[0] Epoch[3] Validation-cross-entropy=0.082399
2016-11-04 18:35:36,632 Node[0] Epoch[4] Train-accuracy=0.979911
2016-11-04 18:35:36,632 Node[0] Epoch[4] Train-cross-entropy=0.090542
2016-11-04 18:35:36,632 Node[0] Epoch[4] Time cost=1.840
2016-11-04 18:35:36,681 Node[0] Saved checkpoint to "checkpoints/inception-bn-0005.params"
2016-11-04 18:35:36,931 Node[0] Epoch[4] Validation-accuracy=0.968750
2016-11-04 18:35:36,931 Node[0] Epoch[4] Validation-cross-entropy=0.060648
2016-11-04 18:36:52,641 Node[0] start with arguments Namespace(batch_size=64, clip_gradient=5.0, data_dir='./data', data_shape=224, finetune=True, finetune_scale=10.0, gpus='0', kv_store='local', load_epoch=1, log_dir='checkpoints', log_file='inception-bn.log', lr=0.001, lr_factor=0.5, lr_factor_epoch=15.0, model_prefix='checkpoints/Inception-BN', network='inception-bn', num_classes=4, num_epochs=5, num_examples=915, save_model_prefix='checkpoints/inception-bn', train_dataset='train.rec', val_dataset='val.rec')
2016-11-04 18:36:55,897 Node[0] Epoch[0] Train-accuracy=0.677083
2016-11-04 18:36:55,897 Node[0] Epoch[0] Train-cross-entropy=0.809037
2016-11-04 18:36:55,897 Node[0] Epoch[0] Time cost=2.010
2016-11-04 18:36:55,953 Node[0] Saved checkpoint to "checkpoints/inception-bn-0001.params"
2016-11-04 18:36:56,203 Node[0] Epoch[0] Validation-accuracy=0.984375
2016-11-04 18:36:56,204 Node[0] Epoch[0] Validation-cross-entropy=0.219487
2016-11-04 18:36:58,050 Node[0] Epoch[1] Train-accuracy=0.957589
2016-11-04 18:36:58,050 Node[0] Epoch[1] Train-cross-entropy=0.176935
2016-11-04 18:36:58,050 Node[0] Epoch[1] Time cost=1.846
2016-11-04 18:36:58,102 Node[0] Saved checkpoint to "checkpoints/inception-bn-0002.params"
2016-11-04 18:36:58,316 Node[0] Epoch[1] Validation-accuracy=0.968750
2016-11-04 18:36:58,316 Node[0] Epoch[1] Validation-cross-entropy=0.110248
2016-11-04 18:37:00,159 Node[0] Epoch[2] Train-accuracy=0.981027
2016-11-04 18:37:00,159 Node[0] Epoch[2] Train-cross-entropy=0.110878
2016-11-04 18:37:00,159 Node[0] Epoch[2] Time cost=1.843
2016-11-04 18:37:00,213 Node[0] Saved checkpoint to "checkpoints/inception-bn-0003.params"
2016-11-04 18:37:00,465 Node[0] Epoch[2] Validation-accuracy=0.976562
2016-11-04 18:37:00,465 Node[0] Epoch[2] Validation-cross-entropy=0.063836
2016-11-04 18:37:02,432 Node[0] Epoch[3] Train-accuracy=0.988542
2016-11-04 18:37:02,432 Node[0] Epoch[3] Train-cross-entropy=0.086940
2016-11-04 18:37:02,432 Node[0] Epoch[3] Time cost=1.967
2016-11-04 18:37:02,484 Node[0] Saved checkpoint to "checkpoints/inception-bn-0004.params"
2016-11-04 18:37:02,668 Node[0] Epoch[3] Validation-accuracy=0.968750
2016-11-04 18:37:02,668 Node[0] Epoch[3] Validation-cross-entropy=0.082399
2016-11-04 18:37:04,508 Node[0] Epoch[4] Train-accuracy=0.979911
2016-11-04 18:37:04,508 Node[0] Epoch[4] Train-cross-entropy=0.090542
2016-11-04 18:37:04,508 Node[0] Epoch[4] Time cost=1.840
2016-11-04 18:37:04,574 Node[0] Saved checkpoint to "checkpoints/inception-bn-0005.params"
2016-11-04 18:37:04,824 Node[0] Epoch[4] Validation-accuracy=0.968750
2016-11-04 18:37:04,825 Node[0] Epoch[4] Validation-cross-entropy=0.060648
2016-11-04 18:37:10,315 Node[0] start with arguments Namespace(batch_size=64, clip_gradient=5.0, data_dir='./data', data_shape=224, finetune=True, finetune_scale=10.0, gpus='0', kv_store='local', load_epoch=1, log_dir='checkpoints', log_file='inception-bn.log', lr=0.001, lr_factor=0.5, lr_factor_epoch=15.0, model_prefix='checkpoints/Inception-BN', network='inception-bn', num_classes=4, num_epochs=5, num_examples=915, save_model_prefix='checkpoints/inception-bn', train_dataset='train.rec', val_dataset='val.rec')
2016-11-04 18:37:13,629 Node[0] Epoch[0] Train-accuracy=0.677083
2016-11-04 18:37:13,629 Node[0] Epoch[0] Train-cross-entropy=0.809037
2016-11-04 18:37:13,629 Node[0] Epoch[0] Time cost=1.977
2016-11-04 18:37:13,686 Node[0] Saved checkpoint to "checkpoints/inception-bn-0001.params"
2016-11-04 18:37:13,935 Node[0] Epoch[0] Validation-accuracy=0.984375
2016-11-04 18:37:13,935 Node[0] Epoch[0] Validation-cross-entropy=0.219487
2016-11-04 18:37:15,783 Node[0] Epoch[1] Train-accuracy=0.957589
2016-11-04 18:37:15,783 Node[0] Epoch[1] Train-cross-entropy=0.176935
2016-11-04 18:37:15,783 Node[0] Epoch[1] Time cost=1.848
2016-11-04 18:37:15,838 Node[0] Saved checkpoint to "checkpoints/inception-bn-0002.params"
2016-11-04 18:37:16,034 Node[0] Epoch[1] Validation-accuracy=0.968750
2016-11-04 18:37:16,034 Node[0] Epoch[1] Validation-cross-entropy=0.110248
2016-11-04 18:37:17,878 Node[0] Epoch[2] Train-accuracy=0.981027
2016-11-04 18:37:17,878 Node[0] Epoch[2] Train-cross-entropy=0.110878
2016-11-04 18:37:17,878 Node[0] Epoch[2] Time cost=1.843
2016-11-04 18:37:17,933 Node[0] Saved checkpoint to "checkpoints/inception-bn-0003.params"
2016-11-04 18:37:18,181 Node[0] Epoch[2] Validation-accuracy=0.976562
2016-11-04 18:37:18,181 Node[0] Epoch[2] Validation-cross-entropy=0.063836
2016-11-04 18:37:20,156 Node[0] Epoch[3] Train-accuracy=0.988542
2016-11-04 18:37:20,157 Node[0] Epoch[3] Train-cross-entropy=0.086940
2016-11-04 18:37:20,157 Node[0] Epoch[3] Time cost=1.975
2016-11-04 18:37:20,209 Node[0] Saved checkpoint to "checkpoints/inception-bn-0004.params"
2016-11-04 18:37:20,391 Node[0] Epoch[3] Validation-accuracy=0.968750
2016-11-04 18:37:20,391 Node[0] Epoch[3] Validation-cross-entropy=0.082399
2016-11-04 18:37:22,233 Node[0] Epoch[4] Train-accuracy=0.979911
2016-11-04 18:37:22,233 Node[0] Epoch[4] Train-cross-entropy=0.090542
2016-11-04 18:37:22,233 Node[0] Epoch[4] Time cost=1.842
2016-11-04 18:37:22,285 Node[0] Saved checkpoint to "checkpoints/inception-bn-0005.params"
2016-11-04 18:37:22,536 Node[0] Epoch[4] Validation-accuracy=0.968750
2016-11-04 18:37:22,536 Node[0] Epoch[4] Validation-cross-entropy=0.060648
2016-11-04 18:40:29,869 Node[0] start with arguments Namespace(batch_size=64, clip_gradient=5.0, data_dir='./data', data_shape=224, finetune=True, finetune_scale=10.0, gpus='0', kv_store='local', load_epoch=1, log_dir='checkpoints', log_file='inception-bn.log', lr=0.001, lr_factor=0.5, lr_factor_epoch=15.0, model_prefix='checkpoints/Inception-BN', network='inception-bn', num_classes=4, num_epochs=5, num_examples=915, save_model_prefix='checkpoints/inception-bn', train_dataset='train.rec', val_dataset='val.rec')
2016-11-04 18:40:33,176 Node[0] Epoch[0] Train-accuracy=0.677083
2016-11-04 18:40:33,176 Node[0] Epoch[0] Train-cross-entropy=0.809037
2016-11-04 18:40:33,176 Node[0] Epoch[0] Time cost=1.974
2016-11-04 18:40:33,229 Node[0] Saved checkpoint to "checkpoints/inception-bn-0001.params"
2016-11-04 18:40:33,477 Node[0] Epoch[0] Validation-accuracy=0.984375
2016-11-04 18:40:33,477 Node[0] Epoch[0] Validation-cross-entropy=0.219487
2016-11-04 18:40:35,317 Node[0] Epoch[1] Train-accuracy=0.957589
2016-11-04 18:40:35,317 Node[0] Epoch[1] Train-cross-entropy=0.176935
2016-11-04 18:40:35,317 Node[0] Epoch[1] Time cost=1.840
2016-11-04 18:40:35,369 Node[0] Saved checkpoint to "checkpoints/inception-bn-0002.params"
2016-11-04 18:40:35,558 Node[0] Epoch[1] Validation-accuracy=0.968750
2016-11-04 18:40:35,558 Node[0] Epoch[1] Validation-cross-entropy=0.110248
2016-11-04 18:40:37,400 Node[0] Epoch[2] Train-accuracy=0.981027
2016-11-04 18:40:37,400 Node[0] Epoch[2] Train-cross-entropy=0.110878
2016-11-04 18:40:37,400 Node[0] Epoch[2] Time cost=1.842
2016-11-04 18:40:37,453 Node[0] Saved checkpoint to "checkpoints/inception-bn-0003.params"
2016-11-04 18:40:37,704 Node[0] Epoch[2] Validation-accuracy=0.976562
2016-11-04 18:40:37,704 Node[0] Epoch[2] Validation-cross-entropy=0.063836
2016-11-04 18:40:39,673 Node[0] Epoch[3] Train-accuracy=0.988542
2016-11-04 18:40:39,673 Node[0] Epoch[3] Train-cross-entropy=0.086940
2016-11-04 18:40:39,673 Node[0] Epoch[3] Time cost=1.968
2016-11-04 18:40:39,740 Node[0] Saved checkpoint to "checkpoints/inception-bn-0004.params"
2016-11-04 18:40:39,923 Node[0] Epoch[3] Validation-accuracy=0.968750
2016-11-04 18:40:39,923 Node[0] Epoch[3] Validation-cross-entropy=0.082399
2016-11-04 18:40:41,754 Node[0] Epoch[4] Train-accuracy=0.979911
2016-11-04 18:40:41,754 Node[0] Epoch[4] Train-cross-entropy=0.090542
2016-11-04 18:40:41,754 Node[0] Epoch[4] Time cost=1.830
2016-11-04 18:40:41,808 Node[0] Saved checkpoint to "checkpoints/inception-bn-0005.params"
2016-11-04 18:40:42,058 Node[0] Epoch[4] Validation-accuracy=0.968750
2016-11-04 18:40:42,058 Node[0] Epoch[4] Validation-cross-entropy=0.060648
2016-11-04 18:43:29,035 Node[0] start with arguments Namespace(batch_size=64, clip_gradient=5.0, data_dir='./data', data_shape=224, finetune=True, finetune_scale=10.0, gpus='0', kv_store='local', load_epoch=1, log_dir='checkpoints', log_file='inception-bn.log', lr=0.001, lr_factor=0.5, lr_factor_epoch=15.0, model_prefix='checkpoints/Inception-BN', network='inception-bn', num_classes=5, num_epochs=5, num_examples=1170, save_model_prefix='checkpoints/inception-bn', train_dataset='train.rec', val_dataset='val.rec')
2016-11-04 18:43:32,878 Node[0] Epoch[0] Train-accuracy=0.712993
2016-11-04 18:43:32,878 Node[0] Epoch[0] Train-cross-entropy=0.862959
2016-11-04 18:43:32,878 Node[0] Epoch[0] Time cost=2.482
2016-11-04 18:43:32,931 Node[0] Saved checkpoint to "checkpoints/inception-bn-0001.params"
2016-11-04 18:43:33,179 Node[0] Epoch[0] Validation-accuracy=0.992188
2016-11-04 18:43:33,179 Node[0] Epoch[0] Validation-cross-entropy=0.144902
2016-11-04 18:43:35,537 Node[0] Epoch[1] Train-accuracy=0.960069
2016-11-04 18:43:35,537 Node[0] Epoch[1] Train-cross-entropy=0.175964
2016-11-04 18:43:35,537 Node[0] Epoch[1] Time cost=2.358
2016-11-04 18:43:35,593 Node[0] Saved checkpoint to "checkpoints/inception-bn-0002.params"
2016-11-04 18:43:35,842 Node[0] Epoch[1] Validation-accuracy=1.000000
2016-11-04 18:43:35,842 Node[0] Epoch[1] Validation-cross-entropy=0.050987
2016-11-04 18:43:38,197 Node[0] Epoch[2] Train-accuracy=0.981771
2016-11-04 18:43:38,197 Node[0] Epoch[2] Train-cross-entropy=0.105014
2016-11-04 18:43:38,197 Node[0] Epoch[2] Time cost=2.355
2016-11-04 18:43:38,249 Node[0] Saved checkpoint to "checkpoints/inception-bn-0003.params"
2016-11-04 18:43:38,499 Node[0] Epoch[2] Validation-accuracy=1.000000
2016-11-04 18:43:38,499 Node[0] Epoch[2] Validation-cross-entropy=0.037485
2016-11-04 18:43:40,986 Node[0] Epoch[3] Train-accuracy=0.982730
2016-11-04 18:43:40,986 Node[0] Epoch[3] Train-cross-entropy=0.095432
2016-11-04 18:43:40,986 Node[0] Epoch[3] Time cost=2.487
2016-11-04 18:43:41,038 Node[0] Saved checkpoint to "checkpoints/inception-bn-0004.params"
2016-11-04 18:43:41,287 Node[0] Epoch[3] Validation-accuracy=1.000000
2016-11-04 18:43:41,288 Node[0] Epoch[3] Validation-cross-entropy=0.026015
2016-11-04 18:43:43,645 Node[0] Epoch[4] Train-accuracy=0.980903
2016-11-04 18:43:43,646 Node[0] Epoch[4] Train-cross-entropy=0.081028
2016-11-04 18:43:43,646 Node[0] Epoch[4] Time cost=2.358
2016-11-04 18:43:43,702 Node[0] Saved checkpoint to "checkpoints/inception-bn-0005.params"
2016-11-04 18:43:43,953 Node[0] Epoch[4] Validation-accuracy=1.000000
2016-11-04 18:43:43,953 Node[0] Epoch[4] Validation-cross-entropy=0.023646
2016-11-04 18:45:03,780 Node[0] start with arguments Namespace(batch_size=64, clip_gradient=5.0, data_dir='./data', data_shape=224, finetune=True, finetune_scale=10.0, gpus='0', kv_store='local', load_epoch=1, log_dir='checkpoints', log_file='inception-bn.log', lr=0.001, lr_factor=0.5, lr_factor_epoch=15.0, model_prefix='checkpoints/Inception-BN', network='inception-bn', num_classes=4, num_epochs=5, num_examples=915, save_model_prefix='checkpoints/inception-bn', train_dataset='train.rec', val_dataset='val.rec')
2016-11-04 18:45:06,992 Node[0] Epoch[0] Train-accuracy=0.677083
2016-11-04 18:45:06,992 Node[0] Epoch[0] Train-cross-entropy=0.809037
2016-11-04 18:45:06,992 Node[0] Epoch[0] Time cost=1.944
2016-11-04 18:45:07,043 Node[0] Saved checkpoint to "checkpoints/inception-bn-0001.params"
2016-11-04 18:45:07,290 Node[0] Epoch[0] Validation-accuracy=0.984375
2016-11-04 18:45:07,290 Node[0] Epoch[0] Validation-cross-entropy=0.219487
2016-11-04 18:45:09,114 Node[0] Epoch[1] Train-accuracy=0.957589
2016-11-04 18:45:09,114 Node[0] Epoch[1] Train-cross-entropy=0.176935
2016-11-04 18:45:09,116 Node[0] Epoch[1] Time cost=1.826
2016-11-04 18:45:09,167 Node[0] Saved checkpoint to "checkpoints/inception-bn-0002.params"
2016-11-04 18:45:09,377 Node[0] Epoch[1] Validation-accuracy=0.968750
2016-11-04 18:45:09,377 Node[0] Epoch[1] Validation-cross-entropy=0.110248
2016-11-04 18:45:11,193 Node[0] Epoch[2] Train-accuracy=0.981027
2016-11-04 18:45:11,193 Node[0] Epoch[2] Train-cross-entropy=0.110878
2016-11-04 18:45:11,193 Node[0] Epoch[2] Time cost=1.816
2016-11-04 18:45:11,244 Node[0] Saved checkpoint to "checkpoints/inception-bn-0003.params"
2016-11-04 18:45:11,491 Node[0] Epoch[2] Validation-accuracy=0.976562
2016-11-04 18:45:11,492 Node[0] Epoch[2] Validation-cross-entropy=0.063836
2016-11-04 18:45:13,434 Node[0] Epoch[3] Train-accuracy=0.988542
2016-11-04 18:45:13,434 Node[0] Epoch[3] Train-cross-entropy=0.086940
2016-11-04 18:45:13,434 Node[0] Epoch[3] Time cost=1.943
2016-11-04 18:45:13,484 Node[0] Saved checkpoint to "checkpoints/inception-bn-0004.params"
2016-11-04 18:45:13,692 Node[0] Epoch[3] Validation-accuracy=0.968750
2016-11-04 18:45:13,692 Node[0] Epoch[3] Validation-cross-entropy=0.082399
2016-11-04 18:45:15,509 Node[0] Epoch[4] Train-accuracy=0.979911
2016-11-04 18:45:15,509 Node[0] Epoch[4] Train-cross-entropy=0.090542
2016-11-04 18:45:15,509 Node[0] Epoch[4] Time cost=1.817
2016-11-04 18:45:15,559 Node[0] Saved checkpoint to "checkpoints/inception-bn-0005.params"
2016-11-04 18:45:15,805 Node[0] Epoch[4] Validation-accuracy=0.968750
2016-11-04 18:45:15,805 Node[0] Epoch[4] Validation-cross-entropy=0.060648
2016-11-04 18:45:30,706 Node[0] start with arguments Namespace(batch_size=64, clip_gradient=5.0, data_dir='./data', data_shape=224, finetune=True, finetune_scale=10.0, gpus='0', kv_store='local', load_epoch=1, log_dir='checkpoints', log_file='inception-bn.log', lr=0.001, lr_factor=0.5, lr_factor_epoch=15.0, model_prefix='checkpoints/Inception-BN', network='inception-bn', num_classes=4, num_epochs=10, num_examples=915, save_model_prefix='checkpoints/inception-bn', train_dataset='train.rec', val_dataset='val.rec')
2016-11-04 18:45:33,865 Node[0] Epoch[0] Train-accuracy=0.677083
2016-11-04 18:45:33,865 Node[0] Epoch[0] Train-cross-entropy=0.809037
2016-11-04 18:45:33,865 Node[0] Epoch[0] Time cost=1.940
2016-11-04 18:45:33,922 Node[0] Saved checkpoint to "checkpoints/inception-bn-0001.params"
2016-11-04 18:45:34,168 Node[0] Epoch[0] Validation-accuracy=0.984375
2016-11-04 18:45:34,168 Node[0] Epoch[0] Validation-cross-entropy=0.219487
2016-11-04 18:45:35,989 Node[0] Epoch[1] Train-accuracy=0.957589
2016-11-04 18:45:35,989 Node[0] Epoch[1] Train-cross-entropy=0.176935
2016-11-04 18:45:35,989 Node[0] Epoch[1] Time cost=1.821
2016-11-04 18:45:36,040 Node[0] Saved checkpoint to "checkpoints/inception-bn-0002.params"
2016-11-04 18:45:36,221 Node[0] Epoch[1] Validation-accuracy=0.968750
2016-11-04 18:45:36,222 Node[0] Epoch[1] Validation-cross-entropy=0.110248
2016-11-04 18:45:38,046 Node[0] Epoch[2] Train-accuracy=0.981027
2016-11-04 18:45:38,046 Node[0] Epoch[2] Train-cross-entropy=0.110878
2016-11-04 18:45:38,046 Node[0] Epoch[2] Time cost=1.825
2016-11-04 18:45:38,096 Node[0] Saved checkpoint to "checkpoints/inception-bn-0003.params"
2016-11-04 18:45:38,343 Node[0] Epoch[2] Validation-accuracy=0.976562
2016-11-04 18:45:38,343 Node[0] Epoch[2] Validation-cross-entropy=0.063836
2016-11-04 18:45:40,291 Node[0] Epoch[3] Train-accuracy=0.988542
2016-11-04 18:45:40,291 Node[0] Epoch[3] Train-cross-entropy=0.086940
2016-11-04 18:45:40,291 Node[0] Epoch[3] Time cost=1.948
2016-11-04 18:45:40,341 Node[0] Saved checkpoint to "checkpoints/inception-bn-0004.params"
2016-11-04 18:45:40,522 Node[0] Epoch[3] Validation-accuracy=0.968750
2016-11-04 18:45:40,522 Node[0] Epoch[3] Validation-cross-entropy=0.082399
2016-11-04 18:45:42,338 Node[0] Epoch[4] Train-accuracy=0.979911
2016-11-04 18:45:42,338 Node[0] Epoch[4] Train-cross-entropy=0.090542
2016-11-04 18:45:42,338 Node[0] Epoch[4] Time cost=1.817
2016-11-04 18:45:42,390 Node[0] Saved checkpoint to "checkpoints/inception-bn-0005.params"
2016-11-04 18:45:42,637 Node[0] Epoch[4] Validation-accuracy=0.968750
2016-11-04 18:45:42,637 Node[0] Epoch[4] Validation-cross-entropy=0.060648
2016-11-04 18:45:44,458 Node[0] Epoch[5] Train-accuracy=0.985491
2016-11-04 18:45:44,458 Node[0] Epoch[5] Train-cross-entropy=0.073638
2016-11-04 18:45:44,458 Node[0] Epoch[5] Time cost=1.821
2016-11-04 18:45:44,503 Node[0] Saved checkpoint to "checkpoints/inception-bn-0006.params"
2016-11-04 18:45:44,750 Node[0] Epoch[5] Validation-accuracy=0.976562
2016-11-04 18:45:44,750 Node[0] Epoch[5] Validation-cross-entropy=0.053183
2016-11-04 18:45:46,695 Node[0] Epoch[6] Train-accuracy=0.979167
2016-11-04 18:45:46,695 Node[0] Epoch[6] Train-cross-entropy=0.074858
2016-11-04 18:45:46,695 Node[0] Epoch[6] Time cost=1.945
2016-11-04 18:45:46,740 Node[0] Saved checkpoint to "checkpoints/inception-bn-0007.params"
2016-11-04 18:45:46,920 Node[0] Epoch[6] Validation-accuracy=1.000000
2016-11-04 18:45:46,920 Node[0] Epoch[6] Validation-cross-entropy=0.043125
2016-11-04 18:45:48,737 Node[0] Epoch[7] Train-accuracy=0.987723
2016-11-04 18:45:48,737 Node[0] Epoch[7] Train-cross-entropy=0.068233
2016-11-04 18:45:48,737 Node[0] Epoch[7] Time cost=1.817
2016-11-04 18:45:48,787 Node[0] Saved checkpoint to "checkpoints/inception-bn-0008.params"
2016-11-04 18:45:49,034 Node[0] Epoch[7] Validation-accuracy=0.984375
2016-11-04 18:45:49,034 Node[0] Epoch[7] Validation-cross-entropy=0.046785
2016-11-04 18:45:50,853 Node[0] Epoch[8] Train-accuracy=0.991071
2016-11-04 18:45:50,854 Node[0] Epoch[8] Train-cross-entropy=0.056469
2016-11-04 18:45:50,854 Node[0] Epoch[8] Time cost=1.819
2016-11-04 18:45:50,912 Node[0] Saved checkpoint to "checkpoints/inception-bn-0009.params"
2016-11-04 18:45:51,118 Node[0] Epoch[8] Validation-accuracy=1.000000
2016-11-04 18:45:51,118 Node[0] Epoch[8] Validation-cross-entropy=0.030855
2016-11-04 18:45:52,938 Node[0] Epoch[9] Train-accuracy=0.987723
2016-11-04 18:45:52,938 Node[0] Epoch[9] Train-cross-entropy=0.063286
2016-11-04 18:45:52,938 Node[0] Epoch[9] Time cost=1.819
2016-11-04 18:45:52,983 Node[0] Saved checkpoint to "checkpoints/inception-bn-0010.params"
2016-11-04 18:45:53,230 Node[0] Epoch[9] Validation-accuracy=0.992188
2016-11-04 18:45:53,230 Node[0] Epoch[9] Validation-cross-entropy=0.028913
2016-11-04 18:46:48,146 Node[0] start with arguments Namespace(batch_size=64, clip_gradient=5.0, data_dir='./data', data_shape=224, finetune=True, finetune_scale=10.0, gpus='0', kv_store='local', load_epoch=1, log_dir='checkpoints', log_file='inception-bn.log', lr=0.001, lr_factor=0.5, lr_factor_epoch=15.0, model_prefix='checkpoints/Inception-BN', network='inception-bn', num_classes=4, num_epochs=10, num_examples=915, save_model_prefix='checkpoints/inception-bn', train_dataset='train.rec', val_dataset='val.rec')
2016-11-04 18:46:51,415 Node[0] Epoch[0] Train-accuracy=0.677083
2016-11-04 18:46:51,415 Node[0] Epoch[0] Train-cross-entropy=0.809037
2016-11-04 18:46:51,415 Node[0] Epoch[0] Time cost=1.976
2016-11-04 18:46:51,474 Node[0] Saved checkpoint to "checkpoints/inception-bn-0001.params"
2016-11-04 18:46:51,724 Node[0] Epoch[0] Validation-accuracy=0.984375
2016-11-04 18:46:51,724 Node[0] Epoch[0] Validation-cross-entropy=0.219487
2016-11-04 18:46:53,573 Node[0] Epoch[1] Train-accuracy=0.957589
2016-11-04 18:46:53,573 Node[0] Epoch[1] Train-cross-entropy=0.176935
2016-11-04 18:46:53,573 Node[0] Epoch[1] Time cost=1.849
2016-11-04 18:46:53,626 Node[0] Saved checkpoint to "checkpoints/inception-bn-0002.params"
2016-11-04 18:46:53,813 Node[0] Epoch[1] Validation-accuracy=0.968750
2016-11-04 18:46:53,813 Node[0] Epoch[1] Validation-cross-entropy=0.110248
2016-11-04 18:46:55,663 Node[0] Epoch[2] Train-accuracy=0.981027
2016-11-04 18:46:55,663 Node[0] Epoch[2] Train-cross-entropy=0.110878
2016-11-04 18:46:55,663 Node[0] Epoch[2] Time cost=1.850
2016-11-04 18:46:55,716 Node[0] Saved checkpoint to "checkpoints/inception-bn-0003.params"
2016-11-04 18:46:55,970 Node[0] Epoch[2] Validation-accuracy=0.976562
2016-11-04 18:46:55,970 Node[0] Epoch[2] Validation-cross-entropy=0.063836
2016-11-04 18:46:57,940 Node[0] Epoch[3] Train-accuracy=0.988542
2016-11-04 18:46:57,940 Node[0] Epoch[3] Train-cross-entropy=0.086940
2016-11-04 18:46:57,940 Node[0] Epoch[3] Time cost=1.970
2016-11-04 18:46:57,996 Node[0] Saved checkpoint to "checkpoints/inception-bn-0004.params"
2016-11-04 18:46:58,180 Node[0] Epoch[3] Validation-accuracy=0.968750
2016-11-04 18:46:58,181 Node[0] Epoch[3] Validation-cross-entropy=0.082399
2016-11-04 18:47:00,025 Node[0] Epoch[4] Train-accuracy=0.979911
2016-11-04 18:47:00,025 Node[0] Epoch[4] Train-cross-entropy=0.090542
2016-11-04 18:47:00,025 Node[0] Epoch[4] Time cost=1.845
2016-11-04 18:47:00,079 Node[0] Saved checkpoint to "checkpoints/inception-bn-0005.params"
2016-11-04 18:47:00,332 Node[0] Epoch[4] Validation-accuracy=0.968750
2016-11-04 18:47:00,333 Node[0] Epoch[4] Validation-cross-entropy=0.060648
2016-11-04 18:47:02,167 Node[0] Epoch[5] Train-accuracy=0.985491
2016-11-04 18:47:02,167 Node[0] Epoch[5] Train-cross-entropy=0.073638
2016-11-04 18:47:02,167 Node[0] Epoch[5] Time cost=1.834
2016-11-04 18:47:02,218 Node[0] Saved checkpoint to "checkpoints/inception-bn-0006.params"
2016-11-04 18:47:02,470 Node[0] Epoch[5] Validation-accuracy=0.976562
2016-11-04 18:47:02,470 Node[0] Epoch[5] Validation-cross-entropy=0.053183
2016-11-04 18:47:04,439 Node[0] Epoch[6] Train-accuracy=0.979167
2016-11-04 18:47:04,440 Node[0] Epoch[6] Train-cross-entropy=0.074858
2016-11-04 18:47:04,440 Node[0] Epoch[6] Time cost=1.970
2016-11-04 18:47:04,497 Node[0] Saved checkpoint to "checkpoints/inception-bn-0007.params"
2016-11-04 18:47:04,679 Node[0] Epoch[6] Validation-accuracy=1.000000
2016-11-04 18:47:04,679 Node[0] Epoch[6] Validation-cross-entropy=0.043125
2016-11-04 18:47:06,520 Node[0] Epoch[7] Train-accuracy=0.987723
2016-11-04 18:47:06,521 Node[0] Epoch[7] Train-cross-entropy=0.068233
2016-11-04 18:47:06,521 Node[0] Epoch[7] Time cost=1.842
2016-11-04 18:47:06,573 Node[0] Saved checkpoint to "checkpoints/inception-bn-0008.params"
2016-11-04 18:47:06,826 Node[0] Epoch[7] Validation-accuracy=0.984375
2016-11-04 18:47:06,826 Node[0] Epoch[7] Validation-cross-entropy=0.046785
2016-11-04 18:47:08,669 Node[0] Epoch[8] Train-accuracy=0.991071
2016-11-04 18:47:08,669 Node[0] Epoch[8] Train-cross-entropy=0.056469
2016-11-04 18:47:08,669 Node[0] Epoch[8] Time cost=1.844
2016-11-04 18:47:08,722 Node[0] Saved checkpoint to "checkpoints/inception-bn-0009.params"
2016-11-04 18:47:08,904 Node[0] Epoch[8] Validation-accuracy=1.000000
2016-11-04 18:47:08,904 Node[0] Epoch[8] Validation-cross-entropy=0.030855
2016-11-04 18:47:10,751 Node[0] Epoch[9] Train-accuracy=0.987723
2016-11-04 18:47:10,752 Node[0] Epoch[9] Train-cross-entropy=0.063286
2016-11-04 18:47:10,752 Node[0] Epoch[9] Time cost=1.847
2016-11-04 18:47:10,806 Node[0] Saved checkpoint to "checkpoints/inception-bn-0010.params"
2016-11-04 18:47:11,057 Node[0] Epoch[9] Validation-accuracy=0.992188
2016-11-04 18:47:11,057 Node[0] Epoch[9] Validation-cross-entropy=0.028913
2016-11-04 18:48:29,515 Node[0] start with arguments Namespace(batch_size=64, clip_gradient=5.0, data_dir='./data', data_shape=224, finetune=True, finetune_scale=10.0, gpus='0', kv_store='local', load_epoch=1, log_dir='checkpoints', log_file='inception-bn.log', lr=0.001, lr_factor=0.5, lr_factor_epoch=15.0, model_prefix='checkpoints/Inception-BN', network='inception-bn', num_classes=4, num_epochs=10, num_examples=915, save_model_prefix='checkpoints/inception-bn', train_dataset='train.rec', val_dataset='val.rec')
2016-11-04 18:48:32,927 Node[0] Epoch[0] Train-accuracy=0.677083
2016-11-04 18:48:32,927 Node[0] Epoch[0] Train-cross-entropy=0.809037
2016-11-04 18:48:32,927 Node[0] Epoch[0] Time cost=1.964
2016-11-04 18:48:32,994 Node[0] Saved checkpoint to "checkpoints/inception-bn-0001.params"
2016-11-04 18:48:33,244 Node[0] Epoch[0] Validation-accuracy=0.984375
2016-11-04 18:48:33,244 Node[0] Epoch[0] Validation-cross-entropy=0.219487
2016-11-04 18:48:35,092 Node[0] Epoch[1] Train-accuracy=0.957589
2016-11-04 18:48:35,092 Node[0] Epoch[1] Train-cross-entropy=0.176935
2016-11-04 18:48:35,092 Node[0] Epoch[1] Time cost=1.848
2016-11-04 18:48:35,150 Node[0] Saved checkpoint to "checkpoints/inception-bn-0002.params"
2016-11-04 18:48:35,335 Node[0] Epoch[1] Validation-accuracy=0.968750
2016-11-04 18:48:35,335 Node[0] Epoch[1] Validation-cross-entropy=0.110248
2016-11-04 18:48:37,172 Node[0] Epoch[2] Train-accuracy=0.981027
2016-11-04 18:48:37,172 Node[0] Epoch[2] Train-cross-entropy=0.110878
2016-11-04 18:48:37,172 Node[0] Epoch[2] Time cost=1.837
2016-11-04 18:48:37,262 Node[0] Saved checkpoint to "checkpoints/inception-bn-0003.params"
2016-11-04 18:48:37,535 Node[0] Epoch[2] Validation-accuracy=0.976562
2016-11-04 18:48:37,535 Node[0] Epoch[2] Validation-cross-entropy=0.063836
2016-11-04 18:48:39,501 Node[0] Epoch[3] Train-accuracy=0.988542
2016-11-04 18:48:39,501 Node[0] Epoch[3] Train-cross-entropy=0.086940
2016-11-04 18:48:39,501 Node[0] Epoch[3] Time cost=1.966
2016-11-04 18:48:39,556 Node[0] Saved checkpoint to "checkpoints/inception-bn-0004.params"
2016-11-04 18:48:39,741 Node[0] Epoch[3] Validation-accuracy=0.968750
2016-11-04 18:48:39,741 Node[0] Epoch[3] Validation-cross-entropy=0.082399
2016-11-04 18:48:41,585 Node[0] Epoch[4] Train-accuracy=0.979911
2016-11-04 18:48:41,585 Node[0] Epoch[4] Train-cross-entropy=0.090542
2016-11-04 18:48:41,585 Node[0] Epoch[4] Time cost=1.844
2016-11-04 18:48:41,639 Node[0] Saved checkpoint to "checkpoints/inception-bn-0005.params"
2016-11-04 18:48:41,887 Node[0] Epoch[4] Validation-accuracy=0.968750
2016-11-04 18:48:41,887 Node[0] Epoch[4] Validation-cross-entropy=0.060648
2016-11-04 18:48:43,727 Node[0] Epoch[5] Train-accuracy=0.985491
2016-11-04 18:48:43,728 Node[0] Epoch[5] Train-cross-entropy=0.073638
2016-11-04 18:48:43,728 Node[0] Epoch[5] Time cost=1.841
2016-11-04 18:48:43,820 Node[0] Saved checkpoint to "checkpoints/inception-bn-0006.params"
2016-11-04 18:48:44,093 Node[0] Epoch[5] Validation-accuracy=0.976562
2016-11-04 18:48:44,093 Node[0] Epoch[5] Validation-cross-entropy=0.053183
2016-11-04 18:48:46,059 Node[0] Epoch[6] Train-accuracy=0.979167
2016-11-04 18:48:46,060 Node[0] Epoch[6] Train-cross-entropy=0.074858
2016-11-04 18:48:46,060 Node[0] Epoch[6] Time cost=1.966
2016-11-04 18:48:46,112 Node[0] Saved checkpoint to "checkpoints/inception-bn-0007.params"
2016-11-04 18:48:46,293 Node[0] Epoch[6] Validation-accuracy=1.000000
2016-11-04 18:48:46,293 Node[0] Epoch[6] Validation-cross-entropy=0.043125
2016-11-04 18:48:48,144 Node[0] Epoch[7] Train-accuracy=0.987723
2016-11-04 18:48:48,144 Node[0] Epoch[7] Train-cross-entropy=0.068233
2016-11-04 18:48:48,144 Node[0] Epoch[7] Time cost=1.851
2016-11-04 18:48:48,196 Node[0] Saved checkpoint to "checkpoints/inception-bn-0008.params"
2016-11-04 18:48:48,446 Node[0] Epoch[7] Validation-accuracy=0.984375
2016-11-04 18:48:48,446 Node[0] Epoch[7] Validation-cross-entropy=0.046785
2016-11-04 18:48:50,286 Node[0] Epoch[8] Train-accuracy=0.991071
2016-11-04 18:48:50,286 Node[0] Epoch[8] Train-cross-entropy=0.056469
2016-11-04 18:48:50,286 Node[0] Epoch[8] Time cost=1.840
2016-11-04 18:48:50,390 Node[0] Saved checkpoint to "checkpoints/inception-bn-0009.params"
2016-11-04 18:48:50,584 Node[0] Epoch[8] Validation-accuracy=1.000000
2016-11-04 18:48:50,584 Node[0] Epoch[8] Validation-cross-entropy=0.030855
2016-11-04 18:48:52,425 Node[0] Epoch[9] Train-accuracy=0.987723
2016-11-04 18:48:52,425 Node[0] Epoch[9] Train-cross-entropy=0.063286
2016-11-04 18:48:52,425 Node[0] Epoch[9] Time cost=1.841
2016-11-04 18:48:52,478 Node[0] Saved checkpoint to "checkpoints/inception-bn-0010.params"
2016-11-04 18:48:52,728 Node[0] Epoch[9] Validation-accuracy=0.992188
2016-11-04 18:48:52,728 Node[0] Epoch[9] Validation-cross-entropy=0.028913
2016-11-04 18:51:27,766 Node[0] start with arguments Namespace(batch_size=64, clip_gradient=5.0, data_dir='./data', data_shape=224, finetune=True, finetune_scale=10.0, gpus='0', kv_store='local', load_epoch=1, log_dir='checkpoints', log_file='inception-bn.log', lr=0.001, lr_factor=0.5, lr_factor_epoch=15.0, model_prefix='checkpoints/Inception-BN', network='inception-bn', num_classes=5, num_epochs=10, num_examples=1146, save_model_prefix='checkpoints/inception-bn', train_dataset='train.rec', val_dataset='val.rec')
2016-11-04 18:51:31,509 Node[0] Epoch[0] Train-accuracy=0.648438
2016-11-04 18:51:31,509 Node[0] Epoch[0] Train-cross-entropy=0.947335
2016-11-04 18:51:31,509 Node[0] Epoch[0] Time cost=2.387
2016-11-04 18:51:31,565 Node[0] Saved checkpoint to "checkpoints/inception-bn-0001.params"
2016-11-04 18:51:31,921 Node[0] Epoch[0] Validation-accuracy=0.960938
2016-11-04 18:51:31,921 Node[0] Epoch[0] Validation-cross-entropy=0.207599
2016-11-04 18:51:34,284 Node[0] Epoch[1] Train-accuracy=0.962674
2016-11-04 18:51:34,284 Node[0] Epoch[1] Train-cross-entropy=0.193078
2016-11-04 18:51:34,284 Node[0] Epoch[1] Time cost=2.363
2016-11-04 18:51:34,340 Node[0] Saved checkpoint to "checkpoints/inception-bn-0002.params"
2016-11-04 18:51:34,661 Node[0] Epoch[1] Validation-accuracy=0.976562
2016-11-04 18:51:34,661 Node[0] Epoch[1] Validation-cross-entropy=0.081246
2016-11-04 18:51:37,015 Node[0] Epoch[2] Train-accuracy=0.973090
2016-11-04 18:51:37,016 Node[0] Epoch[2] Train-cross-entropy=0.117738
2016-11-04 18:51:37,016 Node[0] Epoch[2] Time cost=2.355
2016-11-04 18:51:37,071 Node[0] Saved checkpoint to "checkpoints/inception-bn-0003.params"
2016-11-04 18:51:37,388 Node[0] Epoch[2] Validation-accuracy=0.968750
2016-11-04 18:51:37,388 Node[0] Epoch[2] Validation-cross-entropy=0.077178
2016-11-04 18:51:39,745 Node[0] Epoch[3] Train-accuracy=0.986111
2016-11-04 18:51:39,745 Node[0] Epoch[3] Train-cross-entropy=0.085708
2016-11-04 18:51:39,745 Node[0] Epoch[3] Time cost=2.357
2016-11-04 18:51:39,797 Node[0] Saved checkpoint to "checkpoints/inception-bn-0004.params"
2016-11-04 18:51:40,113 Node[0] Epoch[3] Validation-accuracy=0.968750
2016-11-04 18:51:40,113 Node[0] Epoch[3] Validation-cross-entropy=0.065562
2016-11-04 18:51:42,481 Node[0] Epoch[4] Train-accuracy=0.993924
2016-11-04 18:51:42,481 Node[0] Epoch[4] Train-cross-entropy=0.065619
2016-11-04 18:51:42,481 Node[0] Epoch[4] Time cost=2.367
2016-11-04 18:51:42,534 Node[0] Saved checkpoint to "checkpoints/inception-bn-0005.params"
2016-11-04 18:51:42,854 Node[0] Epoch[4] Validation-accuracy=0.984375
2016-11-04 18:51:42,854 Node[0] Epoch[4] Validation-cross-entropy=0.057147
2016-11-04 18:51:45,218 Node[0] Epoch[5] Train-accuracy=0.980035
2016-11-04 18:51:45,218 Node[0] Epoch[5] Train-cross-entropy=0.080116
2016-11-04 18:51:45,218 Node[0] Epoch[5] Time cost=2.365
2016-11-04 18:51:45,271 Node[0] Saved checkpoint to "checkpoints/inception-bn-0006.params"
2016-11-04 18:51:45,592 Node[0] Epoch[5] Validation-accuracy=0.968750
2016-11-04 18:51:45,592 Node[0] Epoch[5] Validation-cross-entropy=0.058846
2016-11-04 18:51:47,952 Node[0] Epoch[6] Train-accuracy=0.983507
2016-11-04 18:51:47,952 Node[0] Epoch[6] Train-cross-entropy=0.077116
2016-11-04 18:51:47,952 Node[0] Epoch[6] Time cost=2.360
2016-11-04 18:51:48,008 Node[0] Saved checkpoint to "checkpoints/inception-bn-0007.params"
2016-11-04 18:51:48,326 Node[0] Epoch[6] Validation-accuracy=0.976562
2016-11-04 18:51:48,326 Node[0] Epoch[6] Validation-cross-entropy=0.055344
2016-11-04 18:51:50,691 Node[0] Epoch[7] Train-accuracy=0.992188
2016-11-04 18:51:50,692 Node[0] Epoch[7] Train-cross-entropy=0.065799
2016-11-04 18:51:50,692 Node[0] Epoch[7] Time cost=2.365
2016-11-04 18:51:50,745 Node[0] Saved checkpoint to "checkpoints/inception-bn-0008.params"
2016-11-04 18:51:51,063 Node[0] Epoch[7] Validation-accuracy=0.976562
2016-11-04 18:51:51,063 Node[0] Epoch[7] Validation-cross-entropy=0.047494
2016-11-04 18:51:53,420 Node[0] Epoch[8] Train-accuracy=0.992188
2016-11-04 18:51:53,420 Node[0] Epoch[8] Train-cross-entropy=0.053651
2016-11-04 18:51:53,420 Node[0] Epoch[8] Time cost=2.357
2016-11-04 18:51:53,473 Node[0] Saved checkpoint to "checkpoints/inception-bn-0009.params"
2016-11-04 18:51:53,792 Node[0] Epoch[8] Validation-accuracy=0.976562
2016-11-04 18:51:53,792 Node[0] Epoch[8] Validation-cross-entropy=0.045623
2016-11-04 18:51:56,146 Node[0] Epoch[9] Train-accuracy=0.987847
2016-11-04 18:51:56,146 Node[0] Epoch[9] Train-cross-entropy=0.053857
2016-11-04 18:51:56,146 Node[0] Epoch[9] Time cost=2.354
2016-11-04 18:51:56,214 Node[0] Saved checkpoint to "checkpoints/inception-bn-0010.params"
2016-11-04 18:51:56,554 Node[0] Epoch[9] Validation-accuracy=0.976562
2016-11-04 18:51:56,554 Node[0] Epoch[9] Validation-cross-entropy=0.047999
2016-11-05 22:05:11,885 Node[0] start with arguments Namespace(batch_size=64, clip_gradient=5.0, data_dir='./data', data_shape=224, finetune=True, finetune_scale=10.0, gpus='0', kv_store='local', load_epoch=1, log_dir='checkpoints', log_file='inception-bn.log', lr=0.001, lr_factor=0.5, lr_factor_epoch=15.0, model_prefix='checkpoints/Inception-BN', network='inception-bn', num_classes=5, num_epochs=10, num_examples=1146, save_model_prefix='checkpoints/inception-bn', train_dataset='train.rec', val_dataset='val.rec')
2016-11-05 22:05:15,972 Node[0] Epoch[0] Train-accuracy=0.648438
2016-11-05 22:05:15,972 Node[0] Epoch[0] Train-cross-entropy=0.947335
2016-11-05 22:05:15,972 Node[0] Epoch[0] Time cost=2.385
2016-11-05 22:05:16,020 Node[0] Saved checkpoint to "checkpoints/inception-bn-0001.params"
2016-11-05 22:05:16,341 Node[0] Epoch[0] Validation-accuracy=0.960938
2016-11-05 22:05:16,342 Node[0] Epoch[0] Validation-cross-entropy=0.207599
2016-11-05 22:05:18,694 Node[0] Epoch[1] Train-accuracy=0.962674
2016-11-05 22:05:18,694 Node[0] Epoch[1] Train-cross-entropy=0.193078
2016-11-05 22:05:18,694 Node[0] Epoch[1] Time cost=2.353
2016-11-05 22:05:18,742 Node[0] Saved checkpoint to "checkpoints/inception-bn-0002.params"
2016-11-05 22:05:19,059 Node[0] Epoch[1] Validation-accuracy=0.976562
2016-11-05 22:05:19,060 Node[0] Epoch[1] Validation-cross-entropy=0.081246
2016-11-05 22:05:21,405 Node[0] Epoch[2] Train-accuracy=0.973090
2016-11-05 22:05:21,405 Node[0] Epoch[2] Train-cross-entropy=0.117738
2016-11-05 22:05:21,405 Node[0] Epoch[2] Time cost=2.345
2016-11-05 22:05:21,452 Node[0] Saved checkpoint to "checkpoints/inception-bn-0003.params"
2016-11-05 22:05:21,766 Node[0] Epoch[2] Validation-accuracy=0.968750
2016-11-05 22:05:21,766 Node[0] Epoch[2] Validation-cross-entropy=0.077178
2016-11-05 22:05:24,100 Node[0] Epoch[3] Train-accuracy=0.986111
2016-11-05 22:05:24,100 Node[0] Epoch[3] Train-cross-entropy=0.085708
2016-11-05 22:05:24,101 Node[0] Epoch[3] Time cost=2.335
2016-11-05 22:05:24,155 Node[0] Saved checkpoint to "checkpoints/inception-bn-0004.params"
2016-11-05 22:05:24,467 Node[0] Epoch[3] Validation-accuracy=0.968750
2016-11-05 22:05:24,467 Node[0] Epoch[3] Validation-cross-entropy=0.065562
2016-11-05 22:05:26,816 Node[0] Epoch[4] Train-accuracy=0.993924
2016-11-05 22:05:26,817 Node[0] Epoch[4] Train-cross-entropy=0.065619
2016-11-05 22:05:26,817 Node[0] Epoch[4] Time cost=2.350
2016-11-05 22:05:26,895 Node[0] Saved checkpoint to "checkpoints/inception-bn-0005.params"
2016-11-05 22:05:27,211 Node[0] Epoch[4] Validation-accuracy=0.984375
2016-11-05 22:05:27,211 Node[0] Epoch[4] Validation-cross-entropy=0.057147
2016-11-05 22:05:29,562 Node[0] Epoch[5] Train-accuracy=0.980035
2016-11-05 22:05:29,562 Node[0] Epoch[5] Train-cross-entropy=0.080116
2016-11-05 22:05:29,562 Node[0] Epoch[5] Time cost=2.350
2016-11-05 22:05:29,611 Node[0] Saved checkpoint to "checkpoints/inception-bn-0006.params"
2016-11-05 22:05:29,931 Node[0] Epoch[5] Validation-accuracy=0.968750
2016-11-05 22:05:29,931 Node[0] Epoch[5] Validation-cross-entropy=0.058846
2016-11-05 22:05:32,294 Node[0] Epoch[6] Train-accuracy=0.983507
2016-11-05 22:05:32,294 Node[0] Epoch[6] Train-cross-entropy=0.077116
2016-11-05 22:05:32,294 Node[0] Epoch[6] Time cost=2.363
2016-11-05 22:05:32,341 Node[0] Saved checkpoint to "checkpoints/inception-bn-0007.params"
2016-11-05 22:05:32,656 Node[0] Epoch[6] Validation-accuracy=0.976562
2016-11-05 22:05:32,656 Node[0] Epoch[6] Validation-cross-entropy=0.055344
2016-11-05 22:06:43,446 Node[0] start with arguments Namespace(batch_size=16, clip_gradient=5.0, data_dir='./data', data_shape=224, finetune=True, finetune_scale=10.0, gpus='0', kv_store='local', load_epoch=1, log_dir='checkpoints', log_file='inception-bn.log', lr=0.001, lr_factor=0.5, lr_factor_epoch=15.0, model_prefix='checkpoints/Inception-BN', network='inception-bn', num_classes=5, num_epochs=10, num_examples=1146, save_model_prefix='checkpoints/inception-bn', train_dataset='train.rec', val_dataset='val.rec')
2016-11-05 22:06:46,462 Node[0] Epoch[0] Batch [50]	Speed: 452.96 samples/sec	Train-accuracy=0.823529
2016-11-05 22:06:46,462 Node[0] Epoch[0] Batch [50]	Speed: 452.96 samples/sec	Train-cross-entropy=0.521870
2016-11-05 22:06:47,202 Node[0] Epoch[0] Train-accuracy=0.958333
2016-11-05 22:06:47,202 Node[0] Epoch[0] Train-cross-entropy=0.144932
2016-11-05 22:06:47,202 Node[0] Epoch[0] Time cost=2.546
2016-11-05 22:06:47,257 Node[0] Saved checkpoint to "checkpoints/inception-bn-0001.params"
2016-11-05 22:06:47,627 Node[0] Epoch[0] Validation-accuracy=0.968750
2016-11-05 22:06:47,627 Node[0] Epoch[0] Validation-cross-entropy=0.088686
2016-11-05 22:06:58,409 Node[0] start with arguments Namespace(batch_size=8, clip_gradient=5.0, data_dir='./data', data_shape=224, finetune=True, finetune_scale=10.0, gpus='0', kv_store='local', load_epoch=1, log_dir='checkpoints', log_file='inception-bn.log', lr=0.001, lr_factor=0.5, lr_factor_epoch=15.0, model_prefix='checkpoints/Inception-BN', network='inception-bn', num_classes=5, num_epochs=10, num_examples=1146, save_model_prefix='checkpoints/inception-bn', train_dataset='train.rec', val_dataset='val.rec')
2016-11-05 22:07:00,664 Node[0] Epoch[0] Batch [50]	Speed: 394.33 samples/sec	Train-accuracy=0.759804
2016-11-05 22:07:00,664 Node[0] Epoch[0] Batch [50]	Speed: 394.33 samples/sec	Train-cross-entropy=0.642691
2016-11-05 22:07:01,675 Node[0] Epoch[0] Batch [100]	Speed: 395.49 samples/sec	Train-accuracy=0.890000
2016-11-05 22:07:01,676 Node[0] Epoch[0] Batch [100]	Speed: 395.49 samples/sec	Train-cross-entropy=0.307525
2016-11-05 22:07:02,805 Node[0] Epoch[0] Train-accuracy=0.950581
2016-11-05 22:07:02,805 Node[0] Epoch[0] Train-cross-entropy=0.144943
2016-11-05 22:07:02,805 Node[0] Epoch[0] Time cost=3.177
2016-11-05 22:07:02,870 Node[0] Saved checkpoint to "checkpoints/inception-bn-0001.params"
2016-11-05 22:07:03,280 Node[0] Epoch[0] Validation-accuracy=0.992188
2016-11-05 22:07:03,280 Node[0] Epoch[0] Validation-cross-entropy=0.028785
2016-11-05 22:07:27,516 Node[0] start with arguments Namespace(batch_size=8, clip_gradient=5.0, data_dir='./data', data_shape=224, finetune=True, finetune_scale=10.0, gpus='0', kv_store='local', load_epoch=1, log_dir='checkpoints', log_file='inception-bn.log', lr=0.001, lr_factor=0.5, lr_factor_epoch=15.0, model_prefix='checkpoints/Inception-BN', network='inception-bn', num_classes=5, num_epochs=10, num_examples=1146, save_model_prefix='checkpoints/inception-bn', train_dataset='train.rec', val_dataset='val.rec')
2016-11-05 22:07:29,848 Node[0] Epoch[0] Batch [50]	Speed: 387.46 samples/sec	Train-accuracy=0.759804
2016-11-05 22:07:29,848 Node[0] Epoch[0] Batch [50]	Speed: 387.46 samples/sec	Train-cross-entropy=0.642691
2016-11-05 22:07:30,875 Node[0] Epoch[0] Batch [100]	Speed: 389.64 samples/sec	Train-accuracy=0.890000
2016-11-05 22:07:30,875 Node[0] Epoch[0] Batch [100]	Speed: 389.64 samples/sec	Train-cross-entropy=0.307525
2016-11-05 22:07:31,957 Node[0] Epoch[0] Train-accuracy=0.950581
2016-11-05 22:07:31,957 Node[0] Epoch[0] Train-cross-entropy=0.144943
2016-11-05 22:07:31,957 Node[0] Epoch[0] Time cost=3.181
2016-11-05 22:07:32,017 Node[0] Saved checkpoint to "checkpoints/inception-bn-0001.params"
2016-11-05 22:07:32,424 Node[0] Epoch[0] Validation-accuracy=0.992188
2016-11-05 22:07:32,424 Node[0] Epoch[0] Validation-cross-entropy=0.028785
2016-11-05 22:07:33,468 Node[0] Epoch[1] Batch [50]	Speed: 391.78 samples/sec	Train-accuracy=0.938725
2016-11-05 22:07:33,468 Node[0] Epoch[1] Batch [50]	Speed: 391.78 samples/sec	Train-cross-entropy=0.188027
2016-11-05 22:07:34,479 Node[0] Epoch[1] Batch [100]	Speed: 395.80 samples/sec	Train-accuracy=0.940000
2016-11-05 22:07:34,479 Node[0] Epoch[1] Batch [100]	Speed: 395.80 samples/sec	Train-cross-entropy=0.175207
2016-11-05 22:07:35,507 Node[0] Epoch[1] Train-accuracy=0.943452
2016-11-05 22:07:35,507 Node[0] Epoch[1] Train-cross-entropy=0.135601
2016-11-05 22:07:35,507 Node[0] Epoch[1] Time cost=3.083
2016-11-05 22:07:35,580 Node[0] Saved checkpoint to "checkpoints/inception-bn-0002.params"
2016-11-05 22:07:35,989 Node[0] Epoch[1] Validation-accuracy=0.984375
2016-11-05 22:07:35,989 Node[0] Epoch[1] Validation-cross-entropy=0.029908
2016-11-05 22:07:37,036 Node[0] Epoch[2] Batch [50]	Speed: 390.53 samples/sec	Train-accuracy=0.970588
2016-11-05 22:07:37,036 Node[0] Epoch[2] Batch [50]	Speed: 390.53 samples/sec	Train-cross-entropy=0.100908
2016-11-05 22:07:38,056 Node[0] Epoch[2] Batch [100]	Speed: 392.27 samples/sec	Train-accuracy=0.937500
2016-11-05 22:07:38,056 Node[0] Epoch[2] Batch [100]	Speed: 392.27 samples/sec	Train-cross-entropy=0.177106
2016-11-05 22:07:39,118 Node[0] Epoch[2] Train-accuracy=0.991071
2016-11-05 22:07:39,118 Node[0] Epoch[2] Train-cross-entropy=0.046739
2016-11-05 22:07:39,118 Node[0] Epoch[2] Time cost=3.129
2016-11-05 22:07:39,243 Node[0] Saved checkpoint to "checkpoints/inception-bn-0003.params"
2016-11-05 22:07:39,665 Node[0] Epoch[2] Validation-accuracy=0.992188
2016-11-05 22:07:39,665 Node[0] Epoch[2] Validation-cross-entropy=0.022079
2016-11-05 22:07:40,713 Node[0] Epoch[3] Batch [50]	Speed: 389.91 samples/sec	Train-accuracy=0.985294
2016-11-05 22:07:40,714 Node[0] Epoch[3] Batch [50]	Speed: 389.91 samples/sec	Train-cross-entropy=0.050073
2016-11-05 22:07:41,736 Node[0] Epoch[3] Batch [100]	Speed: 391.06 samples/sec	Train-accuracy=0.962500
2016-11-05 22:07:41,737 Node[0] Epoch[3] Batch [100]	Speed: 391.06 samples/sec	Train-cross-entropy=0.112238
2016-11-05 22:07:42,610 Node[0] Epoch[3] Train-accuracy=0.967262
2016-11-05 22:07:42,610 Node[0] Epoch[3] Train-cross-entropy=0.090191
2016-11-05 22:07:42,610 Node[0] Epoch[3] Time cost=2.946
2016-11-05 22:07:42,661 Node[0] Saved checkpoint to "checkpoints/inception-bn-0004.params"
2016-11-05 22:07:43,064 Node[0] Epoch[3] Validation-accuracy=0.968750
2016-11-05 22:07:43,064 Node[0] Epoch[3] Validation-cross-entropy=0.084598
2016-11-05 22:07:44,557 Node[0] Epoch[4] Batch [50]	Speed: 392.40 samples/sec	Train-accuracy=0.990196
2016-11-05 22:07:44,557 Node[0] Epoch[4] Batch [50]	Speed: 392.40 samples/sec	Train-cross-entropy=0.041381
2016-11-05 22:07:45,583 Node[0] Epoch[4] Batch [100]	Speed: 389.63 samples/sec	Train-accuracy=0.975000
2016-11-05 22:07:45,583 Node[0] Epoch[4] Batch [100]	Speed: 389.63 samples/sec	Train-cross-entropy=0.089913
2016-11-05 22:07:46,632 Node[0] Epoch[4] Train-accuracy=0.979651
2016-11-05 22:07:46,632 Node[0] Epoch[4] Train-cross-entropy=0.060909
2016-11-05 22:07:46,632 Node[0] Epoch[4] Time cost=3.567
2016-11-05 22:07:46,691 Node[0] Saved checkpoint to "checkpoints/inception-bn-0005.params"
2016-11-05 22:07:47,096 Node[0] Epoch[4] Validation-accuracy=0.992188
2016-11-05 22:07:47,096 Node[0] Epoch[4] Validation-cross-entropy=0.053990
2016-11-05 22:07:48,149 Node[0] Epoch[5] Batch [50]	Speed: 389.17 samples/sec	Train-accuracy=0.968137
2016-11-05 22:07:48,149 Node[0] Epoch[5] Batch [50]	Speed: 389.17 samples/sec	Train-cross-entropy=0.099517
2016-11-05 22:07:49,184 Node[0] Epoch[5] Batch [100]	Speed: 386.56 samples/sec	Train-accuracy=0.977500
2016-11-05 22:07:49,184 Node[0] Epoch[5] Batch [100]	Speed: 386.56 samples/sec	Train-cross-entropy=0.086235
2016-11-05 22:07:50,180 Node[0] Epoch[5] Train-accuracy=0.958333
2016-11-05 22:07:50,180 Node[0] Epoch[5] Train-cross-entropy=0.108426
2016-11-05 22:07:50,180 Node[0] Epoch[5] Time cost=3.084
2016-11-05 22:07:50,232 Node[0] Saved checkpoint to "checkpoints/inception-bn-0006.params"
2016-11-05 22:07:50,637 Node[0] Epoch[5] Validation-accuracy=0.992188
2016-11-05 22:07:50,637 Node[0] Epoch[5] Validation-cross-entropy=0.026276
2016-11-05 22:07:51,685 Node[0] Epoch[6] Batch [50]	Speed: 390.29 samples/sec	Train-accuracy=0.975490
2016-11-05 22:07:51,685 Node[0] Epoch[6] Batch [50]	Speed: 390.29 samples/sec	Train-cross-entropy=0.086574
2016-11-05 22:07:52,753 Node[0] Epoch[6] Batch [100]	Speed: 374.76 samples/sec	Train-accuracy=0.972500
2016-11-05 22:07:52,753 Node[0] Epoch[6] Batch [100]	Speed: 374.76 samples/sec	Train-cross-entropy=0.095742
2016-11-05 22:07:53,753 Node[0] Epoch[6] Train-accuracy=0.985119
2016-11-05 22:07:53,753 Node[0] Epoch[6] Train-cross-entropy=0.055600
2016-11-05 22:07:53,753 Node[0] Epoch[6] Time cost=3.116
2016-11-05 22:07:53,819 Node[0] Saved checkpoint to "checkpoints/inception-bn-0007.params"
2016-11-05 22:07:54,223 Node[0] Epoch[6] Validation-accuracy=0.984375
2016-11-05 22:07:54,223 Node[0] Epoch[6] Validation-cross-entropy=0.023591
2016-11-05 22:07:55,265 Node[0] Epoch[7] Batch [50]	Speed: 392.08 samples/sec	Train-accuracy=0.970588
2016-11-05 22:07:55,266 Node[0] Epoch[7] Batch [50]	Speed: 392.08 samples/sec	Train-cross-entropy=0.077230
2016-11-05 22:07:56,289 Node[0] Epoch[7] Batch [100]	Speed: 390.69 samples/sec	Train-accuracy=0.980000
2016-11-05 22:07:56,290 Node[0] Epoch[7] Batch [100]	Speed: 390.69 samples/sec	Train-cross-entropy=0.058367
2016-11-05 22:07:57,144 Node[0] Epoch[7] Train-accuracy=0.970238
2016-11-05 22:07:57,144 Node[0] Epoch[7] Train-cross-entropy=0.094251
2016-11-05 22:07:57,144 Node[0] Epoch[7] Time cost=2.922
2016-11-05 22:07:57,195 Node[0] Saved checkpoint to "checkpoints/inception-bn-0008.params"
2016-11-05 22:07:57,578 Node[0] Epoch[7] Validation-accuracy=0.992188
2016-11-05 22:07:57,578 Node[0] Epoch[7] Validation-cross-entropy=0.018997
2016-11-05 22:07:59,058 Node[0] Epoch[8] Batch [50]	Speed: 392.53 samples/sec	Train-accuracy=0.982843
2016-11-05 22:07:59,058 Node[0] Epoch[8] Batch [50]	Speed: 392.53 samples/sec	Train-cross-entropy=0.050819
2016-11-05 22:08:00,085 Node[0] Epoch[8] Batch [100]	Speed: 389.61 samples/sec	Train-accuracy=0.990000
2016-11-05 22:08:00,085 Node[0] Epoch[8] Batch [100]	Speed: 389.61 samples/sec	Train-cross-entropy=0.039543
2016-11-05 22:08:01,133 Node[0] Epoch[8] Train-accuracy=0.965116
2016-11-05 22:08:01,133 Node[0] Epoch[8] Train-cross-entropy=0.093905
2016-11-05 22:08:01,133 Node[0] Epoch[8] Time cost=3.555
2016-11-05 22:08:01,202 Node[0] Saved checkpoint to "checkpoints/inception-bn-0009.params"
2016-11-05 22:08:01,615 Node[0] Epoch[8] Validation-accuracy=0.992188
2016-11-05 22:08:01,616 Node[0] Epoch[8] Validation-cross-entropy=0.021379
2016-11-05 22:08:02,668 Node[0] Epoch[9] Batch [50]	Speed: 391.36 samples/sec	Train-accuracy=0.992647
2016-11-05 22:08:02,668 Node[0] Epoch[9] Batch [50]	Speed: 391.36 samples/sec	Train-cross-entropy=0.038013
2016-11-05 22:08:03,695 Node[0] Epoch[9] Batch [100]	Speed: 389.53 samples/sec	Train-accuracy=0.977500
2016-11-05 22:08:03,695 Node[0] Epoch[9] Batch [100]	Speed: 389.53 samples/sec	Train-cross-entropy=0.077527
2016-11-05 22:08:04,703 Node[0] Epoch[9] Train-accuracy=0.985119
2016-11-05 22:08:04,703 Node[0] Epoch[9] Train-cross-entropy=0.058382
2016-11-05 22:08:04,703 Node[0] Epoch[9] Time cost=3.078
2016-11-05 22:08:04,766 Node[0] Saved checkpoint to "checkpoints/inception-bn-0010.params"
2016-11-05 22:08:05,177 Node[0] Epoch[9] Validation-accuracy=1.000000
2016-11-05 22:08:05,177 Node[0] Epoch[9] Validation-cross-entropy=0.010183
2016-11-11 10:48:28,832 Node[0] start with arguments Namespace(batch_size=8, clip_gradient=5.0, data_dir='./data', data_shape=224, finetune=True, finetune_scale=10.0, gpus='0', kv_store='local', load_epoch=1, log_dir='checkpoints', log_file='inception-bn.log', lr=0.001, lr_factor=0.5, lr_factor_epoch=15.0, model_prefix='checkpoints/Inception-BN', network='inception-bn', num_classes=2, num_epochs=10, num_examples=267, save_model_prefix='checkpoints/inception-bn', train_dataset='train.rec', val_dataset='val.rec')
2016-11-11 10:48:31,104 Node[0] Epoch[0] Train-accuracy=0.694853
2016-11-11 10:48:31,104 Node[0] Epoch[0] Train-cross-entropy=0.643099
2016-11-11 10:48:31,104 Node[0] Epoch[0] Time cost=0.754
2016-11-11 10:48:31,156 Node[0] Saved checkpoint to "checkpoints/inception-bn-0001.params"
2016-11-11 10:48:31,238 Node[0] Epoch[0] Validation-accuracy=0.875000
2016-11-11 10:48:31,238 Node[0] Epoch[0] Validation-cross-entropy=0.218077
2016-11-11 10:48:32,084 Node[0] Epoch[1] Train-accuracy=0.890152
2016-11-11 10:48:32,084 Node[0] Epoch[1] Train-cross-entropy=0.273599
2016-11-11 10:48:32,084 Node[0] Epoch[1] Time cost=0.846
2016-11-11 10:48:32,135 Node[0] Saved checkpoint to "checkpoints/inception-bn-0002.params"
2016-11-11 10:48:32,216 Node[0] Epoch[1] Validation-accuracy=0.875000
2016-11-11 10:48:32,216 Node[0] Epoch[1] Validation-cross-entropy=0.257755
2016-11-11 10:48:33,068 Node[0] Epoch[2] Train-accuracy=0.878676
2016-11-11 10:48:33,068 Node[0] Epoch[2] Train-cross-entropy=0.314651
2016-11-11 10:48:33,068 Node[0] Epoch[2] Time cost=0.852
2016-11-11 10:48:33,118 Node[0] Saved checkpoint to "checkpoints/inception-bn-0003.params"
2016-11-11 10:48:33,181 Node[0] Epoch[2] Validation-accuracy=0.833333
2016-11-11 10:48:33,181 Node[0] Epoch[2] Validation-cross-entropy=0.597329
2016-11-11 10:48:34,017 Node[0] Epoch[3] Train-accuracy=0.878788
2016-11-11 10:48:34,017 Node[0] Epoch[3] Train-cross-entropy=0.254611
2016-11-11 10:48:34,018 Node[0] Epoch[3] Time cost=0.837
2016-11-11 10:48:34,065 Node[0] Saved checkpoint to "checkpoints/inception-bn-0004.params"
2016-11-11 10:48:34,162 Node[0] Epoch[3] Validation-accuracy=0.906250
2016-11-11 10:48:34,162 Node[0] Epoch[3] Validation-cross-entropy=0.172340
2016-11-11 10:48:35,024 Node[0] Epoch[4] Train-accuracy=0.886364
2016-11-11 10:48:35,024 Node[0] Epoch[4] Train-cross-entropy=0.294139
2016-11-11 10:48:35,024 Node[0] Epoch[4] Time cost=0.861
2016-11-11 10:48:35,133 Node[0] Saved checkpoint to "checkpoints/inception-bn-0005.params"
2016-11-11 10:48:35,225 Node[0] Epoch[4] Validation-accuracy=0.906250
2016-11-11 10:48:35,225 Node[0] Epoch[4] Validation-cross-entropy=0.177028
2016-11-11 10:48:35,954 Node[0] Epoch[5] Train-accuracy=0.841912
2016-11-11 10:48:35,954 Node[0] Epoch[5] Train-cross-entropy=0.426937
2016-11-11 10:48:35,954 Node[0] Epoch[5] Time cost=0.728
2016-11-11 10:48:36,007 Node[0] Saved checkpoint to "checkpoints/inception-bn-0006.params"
2016-11-11 10:48:36,093 Node[0] Epoch[5] Validation-accuracy=0.906250
2016-11-11 10:48:36,093 Node[0] Epoch[5] Validation-cross-entropy=0.301810
2016-11-11 10:48:36,865 Node[0] Epoch[6] Train-accuracy=0.844697
2016-11-11 10:48:36,865 Node[0] Epoch[6] Train-cross-entropy=0.446144
2016-11-11 10:48:36,865 Node[0] Epoch[6] Time cost=0.771
2016-11-11 10:48:36,913 Node[0] Saved checkpoint to "checkpoints/inception-bn-0007.params"
2016-11-11 10:48:36,978 Node[0] Epoch[6] Validation-accuracy=0.958333
2016-11-11 10:48:36,978 Node[0] Epoch[6] Validation-cross-entropy=0.151659
2016-11-11 10:48:37,693 Node[0] Epoch[7] Train-accuracy=0.901515
2016-11-11 10:48:37,693 Node[0] Epoch[7] Train-cross-entropy=0.264450
2016-11-11 10:48:37,694 Node[0] Epoch[7] Time cost=0.715
2016-11-11 10:48:37,742 Node[0] Saved checkpoint to "checkpoints/inception-bn-0008.params"
2016-11-11 10:48:37,842 Node[0] Epoch[7] Validation-accuracy=0.937500
2016-11-11 10:48:37,842 Node[0] Epoch[7] Validation-cross-entropy=0.161617
2016-11-11 10:48:38,874 Node[0] Epoch[8] Train-accuracy=0.904412
2016-11-11 10:48:38,874 Node[0] Epoch[8] Train-cross-entropy=0.265903
2016-11-11 10:48:38,874 Node[0] Epoch[8] Time cost=1.031
2016-11-11 10:48:38,922 Node[0] Saved checkpoint to "checkpoints/inception-bn-0009.params"
2016-11-11 10:48:39,005 Node[0] Epoch[8] Validation-accuracy=0.875000
2016-11-11 10:48:39,006 Node[0] Epoch[8] Validation-cross-entropy=0.343829
2016-11-11 10:48:39,713 Node[0] Epoch[9] Train-accuracy=0.875000
2016-11-11 10:48:39,713 Node[0] Epoch[9] Train-cross-entropy=0.266059
2016-11-11 10:48:39,713 Node[0] Epoch[9] Time cost=0.707
2016-11-11 10:48:39,762 Node[0] Saved checkpoint to "checkpoints/inception-bn-0010.params"
2016-11-11 10:48:39,845 Node[0] Epoch[9] Validation-accuracy=0.906250
2016-11-11 10:48:39,845 Node[0] Epoch[9] Validation-cross-entropy=0.292514
2016-11-11 10:49:21,165 Node[0] start with arguments Namespace(batch_size=8, clip_gradient=5.0, data_dir='./data', data_shape=224, finetune=True, finetune_scale=10.0, gpus='0', kv_store='local', load_epoch=1, log_dir='checkpoints', log_file='inception-bn.log', lr=0.001, lr_factor=0.5, lr_factor_epoch=15.0, model_prefix='checkpoints/Inception-BN', network='inception-bn', num_classes=2, num_epochs=10, num_examples=267, save_model_prefix='checkpoints/inception-bn', train_dataset='train.rec', val_dataset='val.rec')
2016-11-11 10:49:23,143 Node[0] Epoch[0] Train-accuracy=0.694853
2016-11-11 10:49:23,143 Node[0] Epoch[0] Train-cross-entropy=0.643099
2016-11-11 10:49:23,143 Node[0] Epoch[0] Time cost=0.894
2016-11-11 10:49:23,193 Node[0] Saved checkpoint to "checkpoints/inception-bn-0001.params"
2016-11-11 10:49:23,281 Node[0] Epoch[0] Validation-accuracy=0.875000
2016-11-11 10:49:23,281 Node[0] Epoch[0] Validation-cross-entropy=0.218077
2016-11-11 10:49:24,155 Node[0] Epoch[1] Train-accuracy=0.890152
2016-11-11 10:49:24,155 Node[0] Epoch[1] Train-cross-entropy=0.273599
2016-11-11 10:49:24,155 Node[0] Epoch[1] Time cost=0.873
2016-11-11 10:49:24,211 Node[0] Saved checkpoint to "checkpoints/inception-bn-0002.params"
2016-11-11 10:49:24,299 Node[0] Epoch[1] Validation-accuracy=0.875000
2016-11-11 10:49:24,299 Node[0] Epoch[1] Validation-cross-entropy=0.257755
2016-11-11 10:49:25,165 Node[0] Epoch[2] Train-accuracy=0.878676
2016-11-11 10:49:25,165 Node[0] Epoch[2] Train-cross-entropy=0.314651
2016-11-11 10:49:25,165 Node[0] Epoch[2] Time cost=0.866
2016-11-11 10:49:25,219 Node[0] Saved checkpoint to "checkpoints/inception-bn-0003.params"
2016-11-11 10:49:25,287 Node[0] Epoch[2] Validation-accuracy=0.833333
2016-11-11 10:49:25,287 Node[0] Epoch[2] Validation-cross-entropy=0.597329
2016-11-11 10:49:26,130 Node[0] Epoch[3] Train-accuracy=0.878788
2016-11-11 10:49:26,130 Node[0] Epoch[3] Train-cross-entropy=0.254611
2016-11-11 10:49:26,131 Node[0] Epoch[3] Time cost=0.844
2016-11-11 10:49:26,183 Node[0] Saved checkpoint to "checkpoints/inception-bn-0004.params"
2016-11-11 10:49:26,289 Node[0] Epoch[3] Validation-accuracy=0.906250
2016-11-11 10:49:26,289 Node[0] Epoch[3] Validation-cross-entropy=0.172340
2016-11-11 10:49:27,023 Node[0] Epoch[4] Train-accuracy=0.886364
2016-11-11 10:49:27,023 Node[0] Epoch[4] Train-cross-entropy=0.294139
2016-11-11 10:49:27,023 Node[0] Epoch[4] Time cost=0.734
2016-11-11 10:49:27,104 Node[0] Saved checkpoint to "checkpoints/inception-bn-0005.params"
2016-11-11 10:49:27,192 Node[0] Epoch[4] Validation-accuracy=0.906250
2016-11-11 10:49:27,192 Node[0] Epoch[4] Validation-cross-entropy=0.177028
2016-11-11 10:49:28,059 Node[0] Epoch[5] Train-accuracy=0.841912
2016-11-11 10:49:28,059 Node[0] Epoch[5] Train-cross-entropy=0.426937
2016-11-11 10:49:28,059 Node[0] Epoch[5] Time cost=0.867
2016-11-11 10:49:28,110 Node[0] Saved checkpoint to "checkpoints/inception-bn-0006.params"
2016-11-11 10:49:28,196 Node[0] Epoch[5] Validation-accuracy=0.906250
2016-11-11 10:49:28,196 Node[0] Epoch[5] Validation-cross-entropy=0.301810
2016-11-11 10:49:29,033 Node[0] Epoch[6] Train-accuracy=0.844697
2016-11-11 10:49:29,033 Node[0] Epoch[6] Train-cross-entropy=0.446144
2016-11-11 10:49:29,033 Node[0] Epoch[6] Time cost=0.837
2016-11-11 10:49:29,086 Node[0] Saved checkpoint to "checkpoints/inception-bn-0007.params"
2016-11-11 10:49:29,151 Node[0] Epoch[6] Validation-accuracy=0.958333
2016-11-11 10:49:29,151 Node[0] Epoch[6] Validation-cross-entropy=0.151659
2016-11-11 10:49:29,860 Node[0] Epoch[7] Train-accuracy=0.901515
2016-11-11 10:49:29,860 Node[0] Epoch[7] Train-cross-entropy=0.264450
2016-11-11 10:49:29,860 Node[0] Epoch[7] Time cost=0.708
2016-11-11 10:49:29,943 Node[0] Saved checkpoint to "checkpoints/inception-bn-0008.params"
2016-11-11 10:49:30,053 Node[0] Epoch[7] Validation-accuracy=0.937500
2016-11-11 10:49:30,053 Node[0] Epoch[7] Validation-cross-entropy=0.161617
2016-11-11 10:49:31,080 Node[0] Epoch[8] Train-accuracy=0.904412
2016-11-11 10:49:31,081 Node[0] Epoch[8] Train-cross-entropy=0.265903
2016-11-11 10:49:31,081 Node[0] Epoch[8] Time cost=1.027
2016-11-11 10:49:31,142 Node[0] Saved checkpoint to "checkpoints/inception-bn-0009.params"
2016-11-11 10:49:31,225 Node[0] Epoch[8] Validation-accuracy=0.875000
2016-11-11 10:49:31,225 Node[0] Epoch[8] Validation-cross-entropy=0.343829
2016-11-11 10:49:32,063 Node[0] Epoch[9] Train-accuracy=0.875000
2016-11-11 10:49:32,063 Node[0] Epoch[9] Train-cross-entropy=0.266059
2016-11-11 10:49:32,063 Node[0] Epoch[9] Time cost=0.838
2016-11-11 10:49:32,112 Node[0] Saved checkpoint to "checkpoints/inception-bn-0010.params"
2016-11-11 10:49:32,195 Node[0] Epoch[9] Validation-accuracy=0.906250
2016-11-11 10:49:32,196 Node[0] Epoch[9] Validation-cross-entropy=0.292514
2016-11-11 11:12:27,227 Node[0] start with arguments Namespace(batch_size=8, clip_gradient=5.0, data_dir='./data', data_shape=224, finetune=True, finetune_scale=10.0, gpus='0', kv_store='local', load_epoch=1, log_dir='checkpoints', log_file='inception-bn.log', lr=0.001, lr_factor=0.5, lr_factor_epoch=15.0, model_prefix='checkpoints/Inception-BN', network='inception-bn', num_classes=2, num_epochs=10, num_examples=547, save_model_prefix='checkpoints/inception-bn', train_dataset='train.rec', val_dataset='val.rec')
2016-11-11 11:12:29,487 Node[0] Epoch[0] Batch [50]	Speed: 362.77 samples/sec	Train-accuracy=0.818627
2016-11-11 11:12:29,487 Node[0] Epoch[0] Batch [50]	Speed: 362.77 samples/sec	Train-cross-entropy=0.413734
2016-11-11 11:12:29,916 Node[0] Epoch[0] Train-accuracy=0.826389
2016-11-11 11:12:29,916 Node[0] Epoch[0] Train-cross-entropy=0.445633
2016-11-11 11:12:29,916 Node[0] Epoch[0] Time cost=1.568
2016-11-11 11:12:30,004 Node[0] Saved checkpoint to "checkpoints/inception-bn-0001.params"
2016-11-11 11:12:30,165 Node[0] Epoch[0] Validation-accuracy=0.937500
2016-11-11 11:12:30,165 Node[0] Epoch[0] Validation-cross-entropy=0.196428
2016-11-11 11:12:31,277 Node[0] Epoch[1] Batch [50]	Speed: 367.74 samples/sec	Train-accuracy=0.906863
2016-11-11 11:12:31,278 Node[0] Epoch[1] Batch [50]	Speed: 367.74 samples/sec	Train-cross-entropy=0.258879
2016-11-11 11:12:31,726 Node[0] Epoch[1] Train-accuracy=0.948529
2016-11-11 11:12:31,726 Node[0] Epoch[1] Train-cross-entropy=0.140847
2016-11-11 11:12:31,726 Node[0] Epoch[1] Time cost=1.561
2016-11-11 11:12:31,801 Node[0] Saved checkpoint to "checkpoints/inception-bn-0002.params"
2016-11-11 11:12:31,945 Node[0] Epoch[1] Validation-accuracy=0.964286
2016-11-11 11:12:31,945 Node[0] Epoch[1] Validation-cross-entropy=0.122814
2016-11-11 11:12:33,054 Node[0] Epoch[2] Batch [50]	Speed: 368.67 samples/sec	Train-accuracy=0.943627
2016-11-11 11:12:33,054 Node[0] Epoch[2] Batch [50]	Speed: 368.67 samples/sec	Train-cross-entropy=0.135184
2016-11-11 11:12:33,470 Node[0] Epoch[2] Train-accuracy=0.944444
2016-11-11 11:12:33,470 Node[0] Epoch[2] Train-cross-entropy=0.142937
2016-11-11 11:12:33,470 Node[0] Epoch[2] Time cost=1.525
2016-11-11 11:12:33,540 Node[0] Saved checkpoint to "checkpoints/inception-bn-0003.params"
2016-11-11 11:12:33,748 Node[0] Epoch[2] Validation-accuracy=0.968750
2016-11-11 11:12:33,748 Node[0] Epoch[2] Validation-cross-entropy=0.140568
2016-11-11 11:12:34,872 Node[0] Epoch[3] Batch [50]	Speed: 364.06 samples/sec	Train-accuracy=0.889706
2016-11-11 11:12:34,872 Node[0] Epoch[3] Batch [50]	Speed: 364.06 samples/sec	Train-cross-entropy=0.315313
2016-11-11 11:12:35,238 Node[0] Epoch[3] Train-accuracy=0.889706
2016-11-11 11:12:35,238 Node[0] Epoch[3] Train-cross-entropy=0.312814
2016-11-11 11:12:35,238 Node[0] Epoch[3] Time cost=1.490
2016-11-11 11:12:35,312 Node[0] Saved checkpoint to "checkpoints/inception-bn-0004.params"
2016-11-11 11:12:35,486 Node[0] Epoch[3] Validation-accuracy=0.953125
2016-11-11 11:12:35,486 Node[0] Epoch[3] Validation-cross-entropy=0.145480
2016-11-11 11:12:36,610 Node[0] Epoch[4] Batch [50]	Speed: 363.71 samples/sec	Train-accuracy=0.926471
2016-11-11 11:12:36,610 Node[0] Epoch[4] Batch [50]	Speed: 363.71 samples/sec	Train-cross-entropy=0.169041
2016-11-11 11:12:36,979 Node[0] Epoch[4] Train-accuracy=0.941176
2016-11-11 11:12:36,979 Node[0] Epoch[4] Train-cross-entropy=0.133907
2016-11-11 11:12:36,979 Node[0] Epoch[4] Time cost=1.493
2016-11-11 11:12:37,044 Node[0] Saved checkpoint to "checkpoints/inception-bn-0005.params"
2016-11-11 11:12:37,195 Node[0] Epoch[4] Validation-accuracy=0.964286
2016-11-11 11:12:37,195 Node[0] Epoch[4] Validation-cross-entropy=0.250041
2016-11-11 11:12:38,327 Node[0] Epoch[5] Batch [50]	Speed: 362.72 samples/sec	Train-accuracy=0.938725
2016-11-11 11:12:38,328 Node[0] Epoch[5] Batch [50]	Speed: 362.72 samples/sec	Train-cross-entropy=0.175918
2016-11-11 11:12:38,741 Node[0] Epoch[5] Train-accuracy=0.937500
2016-11-11 11:12:38,741 Node[0] Epoch[5] Train-cross-entropy=0.162765
2016-11-11 11:12:38,741 Node[0] Epoch[5] Time cost=1.545
2016-11-11 11:12:38,796 Node[0] Saved checkpoint to "checkpoints/inception-bn-0006.params"
2016-11-11 11:12:38,970 Node[0] Epoch[5] Validation-accuracy=0.968750
2016-11-11 11:12:38,970 Node[0] Epoch[5] Validation-cross-entropy=0.099422
2016-11-11 11:12:40,142 Node[0] Epoch[6] Batch [50]	Speed: 348.98 samples/sec	Train-accuracy=0.965686
2016-11-11 11:12:40,142 Node[0] Epoch[6] Batch [50]	Speed: 348.98 samples/sec	Train-cross-entropy=0.123862
2016-11-11 11:12:40,572 Node[0] Epoch[6] Train-accuracy=0.933824
2016-11-11 11:12:40,573 Node[0] Epoch[6] Train-cross-entropy=0.169818
2016-11-11 11:12:40,573 Node[0] Epoch[6] Time cost=1.602
2016-11-11 11:12:40,645 Node[0] Saved checkpoint to "checkpoints/inception-bn-0007.params"
2016-11-11 11:12:40,788 Node[0] Epoch[6] Validation-accuracy=0.982143
2016-11-11 11:12:40,788 Node[0] Epoch[6] Validation-cross-entropy=0.119435
2016-11-11 11:12:41,904 Node[0] Epoch[7] Batch [50]	Speed: 366.32 samples/sec	Train-accuracy=0.933824
2016-11-11 11:12:41,904 Node[0] Epoch[7] Batch [50]	Speed: 366.32 samples/sec	Train-cross-entropy=0.181503
2016-11-11 11:12:42,266 Node[0] Epoch[7] Train-accuracy=0.926471
2016-11-11 11:12:42,266 Node[0] Epoch[7] Train-cross-entropy=0.161090
2016-11-11 11:12:42,266 Node[0] Epoch[7] Time cost=1.478
2016-11-11 11:12:42,317 Node[0] Saved checkpoint to "checkpoints/inception-bn-0008.params"
2016-11-11 11:12:42,511 Node[0] Epoch[7] Validation-accuracy=0.953125
2016-11-11 11:12:42,511 Node[0] Epoch[7] Validation-cross-entropy=0.106808
2016-11-11 11:12:43,933 Node[0] Epoch[8] Batch [50]	Speed: 365.36 samples/sec	Train-accuracy=0.946078
2016-11-11 11:12:43,934 Node[0] Epoch[8] Batch [50]	Speed: 365.36 samples/sec	Train-cross-entropy=0.153044
2016-11-11 11:12:44,449 Node[0] Epoch[8] Train-accuracy=0.972222
2016-11-11 11:12:44,449 Node[0] Epoch[8] Train-cross-entropy=0.060323
2016-11-11 11:12:44,449 Node[0] Epoch[8] Time cost=1.938
2016-11-11 11:12:44,513 Node[0] Saved checkpoint to "checkpoints/inception-bn-0009.params"
2016-11-11 11:12:44,673 Node[0] Epoch[8] Validation-accuracy=0.968750
2016-11-11 11:12:44,673 Node[0] Epoch[8] Validation-cross-entropy=0.082521
2016-11-11 11:12:45,785 Node[0] Epoch[9] Batch [50]	Speed: 367.86 samples/sec	Train-accuracy=0.943627
2016-11-11 11:12:45,786 Node[0] Epoch[9] Batch [50]	Speed: 367.86 samples/sec	Train-cross-entropy=0.162796
2016-11-11 11:12:46,147 Node[0] Epoch[9] Train-accuracy=0.897059
2016-11-11 11:12:46,147 Node[0] Epoch[9] Train-cross-entropy=0.384588
2016-11-11 11:12:46,147 Node[0] Epoch[9] Time cost=1.474
2016-11-11 11:12:46,206 Node[0] Saved checkpoint to "checkpoints/inception-bn-0010.params"
2016-11-11 11:12:46,349 Node[0] Epoch[9] Validation-accuracy=1.000000
2016-11-11 11:12:46,349 Node[0] Epoch[9] Validation-cross-entropy=0.033183
2016-11-11 11:17:29,434 Node[0] start with arguments Namespace(batch_size=8, clip_gradient=5.0, data_dir='./data', data_shape=224, finetune=True, finetune_scale=10.0, gpus='0', kv_store='local', load_epoch=1, log_dir='checkpoints', log_file='inception-bn.log', lr=0.001, lr_factor=0.5, lr_factor_epoch=15.0, model_prefix='checkpoints/Inception-BN', network='inception-bn', num_classes=2, num_epochs=10, num_examples=267, save_model_prefix='checkpoints/inception-bn', train_dataset='train.rec', val_dataset='val.rec')
2016-11-11 11:17:31,383 Node[0] Epoch[0] Train-accuracy=0.694853
2016-11-11 11:17:31,384 Node[0] Epoch[0] Train-cross-entropy=0.643099
2016-11-11 11:17:31,384 Node[0] Epoch[0] Time cost=0.862
2016-11-11 11:17:31,441 Node[0] Saved checkpoint to "checkpoints/inception-bn-0001.params"
2016-11-11 11:17:31,523 Node[0] Epoch[0] Validation-accuracy=0.875000
2016-11-11 11:17:31,523 Node[0] Epoch[0] Validation-cross-entropy=0.218077
2016-11-11 11:17:32,281 Node[0] Epoch[1] Train-accuracy=0.890152
2016-11-11 11:17:32,281 Node[0] Epoch[1] Train-cross-entropy=0.273599
2016-11-11 11:17:32,281 Node[0] Epoch[1] Time cost=0.758
2016-11-11 11:17:32,332 Node[0] Saved checkpoint to "checkpoints/inception-bn-0002.params"
2016-11-11 11:17:32,412 Node[0] Epoch[1] Validation-accuracy=0.875000
2016-11-11 11:17:32,412 Node[0] Epoch[1] Validation-cross-entropy=0.257755
2016-11-11 11:17:33,168 Node[0] Epoch[2] Train-accuracy=0.878676
2016-11-11 11:17:33,168 Node[0] Epoch[2] Train-cross-entropy=0.314651
2016-11-11 11:17:33,168 Node[0] Epoch[2] Time cost=0.755
2016-11-11 11:17:33,219 Node[0] Saved checkpoint to "checkpoints/inception-bn-0003.params"
2016-11-11 11:17:33,282 Node[0] Epoch[2] Validation-accuracy=0.833333
2016-11-11 11:17:33,282 Node[0] Epoch[2] Validation-cross-entropy=0.597329
2016-11-11 11:17:34,014 Node[0] Epoch[3] Train-accuracy=0.878788
2016-11-11 11:17:34,014 Node[0] Epoch[3] Train-cross-entropy=0.254611
2016-11-11 11:17:34,014 Node[0] Epoch[3] Time cost=0.732
2016-11-11 11:17:34,070 Node[0] Saved checkpoint to "checkpoints/inception-bn-0004.params"
2016-11-11 11:17:34,177 Node[0] Epoch[3] Validation-accuracy=0.906250
2016-11-11 11:17:34,177 Node[0] Epoch[3] Validation-cross-entropy=0.172340
2016-11-11 11:17:34,881 Node[0] Epoch[4] Train-accuracy=0.886364
2016-11-11 11:17:34,881 Node[0] Epoch[4] Train-cross-entropy=0.294139
2016-11-11 11:17:34,881 Node[0] Epoch[4] Time cost=0.704
2016-11-11 11:17:34,931 Node[0] Saved checkpoint to "checkpoints/inception-bn-0005.params"
2016-11-11 11:17:35,012 Node[0] Epoch[4] Validation-accuracy=0.906250
2016-11-11 11:17:35,012 Node[0] Epoch[4] Validation-cross-entropy=0.177028
2016-11-11 11:17:35,873 Node[0] Epoch[5] Train-accuracy=0.841912
2016-11-11 11:17:35,873 Node[0] Epoch[5] Train-cross-entropy=0.426937
2016-11-11 11:17:35,873 Node[0] Epoch[5] Time cost=0.861
2016-11-11 11:17:35,923 Node[0] Saved checkpoint to "checkpoints/inception-bn-0006.params"
2016-11-11 11:17:36,004 Node[0] Epoch[5] Validation-accuracy=0.906250
2016-11-11 11:17:36,004 Node[0] Epoch[5] Validation-cross-entropy=0.301810
2016-11-11 11:17:36,845 Node[0] Epoch[6] Train-accuracy=0.844697
2016-11-11 11:17:36,845 Node[0] Epoch[6] Train-cross-entropy=0.446144
2016-11-11 11:17:36,845 Node[0] Epoch[6] Time cost=0.841
2016-11-11 11:17:36,895 Node[0] Saved checkpoint to "checkpoints/inception-bn-0007.params"
2016-11-11 11:17:36,955 Node[0] Epoch[6] Validation-accuracy=0.958333
2016-11-11 11:17:36,956 Node[0] Epoch[6] Validation-cross-entropy=0.151659
2016-11-11 11:17:37,661 Node[0] Epoch[7] Train-accuracy=0.901515
2016-11-11 11:17:37,661 Node[0] Epoch[7] Train-cross-entropy=0.264450
2016-11-11 11:17:37,661 Node[0] Epoch[7] Time cost=0.705
2016-11-11 11:17:37,711 Node[0] Saved checkpoint to "checkpoints/inception-bn-0008.params"
2016-11-11 11:17:37,820 Node[0] Epoch[7] Validation-accuracy=0.937500
2016-11-11 11:17:37,820 Node[0] Epoch[7] Validation-cross-entropy=0.161617
2016-11-11 11:17:39,153 Node[0] Epoch[8] Train-accuracy=0.904412
2016-11-11 11:17:39,153 Node[0] Epoch[8] Train-cross-entropy=0.265903
2016-11-11 11:17:39,153 Node[0] Epoch[8] Time cost=1.333
2016-11-11 11:17:39,204 Node[0] Saved checkpoint to "checkpoints/inception-bn-0009.params"
2016-11-11 11:17:39,288 Node[0] Epoch[8] Validation-accuracy=0.875000
2016-11-11 11:17:39,288 Node[0] Epoch[8] Validation-cross-entropy=0.343829
2016-11-11 11:17:40,005 Node[0] Epoch[9] Train-accuracy=0.875000
2016-11-11 11:17:40,006 Node[0] Epoch[9] Train-cross-entropy=0.266059
2016-11-11 11:17:40,006 Node[0] Epoch[9] Time cost=0.718
2016-11-11 11:17:40,057 Node[0] Saved checkpoint to "checkpoints/inception-bn-0010.params"
2016-11-11 11:17:40,139 Node[0] Epoch[9] Validation-accuracy=0.906250
2016-11-11 11:17:40,139 Node[0] Epoch[9] Validation-cross-entropy=0.292514
2016-11-14 12:45:34,691 Node[0] start with arguments Namespace(batch_size=32, clip_gradient=5.0, data_dir='./data', data_shape=224, finetune=True, finetune_scale=10.0, gpus='0', kv_store='local', load_epoch=1, log_dir='checkpoints', log_file='inception-bn.log', lr=0.001, lr_factor=0.5, lr_factor_epoch=15.0, model_prefix='checkpoints/Inception-BN', network='inception-bn', num_classes=2, num_epochs=10, num_examples=267, save_model_prefix='checkpoints/inception-bn', train_dataset='train.rec', val_dataset='val.rec')
2016-11-14 12:45:36,810 Node[0] Epoch[0] Train-accuracy=0.708333
2016-11-14 12:45:36,810 Node[0] Epoch[0] Train-cross-entropy=0.591281
2016-11-14 12:45:36,810 Node[0] Epoch[0] Time cost=0.731
2016-11-14 12:45:36,862 Node[0] Saved checkpoint to "checkpoints/inception-bn-0001.params"
2016-11-14 12:45:36,968 Node[0] Epoch[0] Validation-accuracy=0.875000
2016-11-14 12:45:36,968 Node[0] Epoch[0] Validation-cross-entropy=0.367567
2016-11-14 12:45:37,630 Node[0] Epoch[1] Train-accuracy=0.871094
2016-11-14 12:45:37,630 Node[0] Epoch[1] Train-cross-entropy=0.360426
2016-11-14 12:45:37,630 Node[0] Epoch[1] Time cost=0.662
2016-11-14 12:45:37,691 Node[0] Saved checkpoint to "checkpoints/inception-bn-0002.params"
2016-11-14 12:45:37,799 Node[0] Epoch[1] Validation-accuracy=0.875000
2016-11-14 12:45:37,799 Node[0] Epoch[1] Validation-cross-entropy=0.274225
2016-11-14 12:45:38,546 Node[0] Epoch[2] Train-accuracy=0.892361
2016-11-14 12:45:38,546 Node[0] Epoch[2] Train-cross-entropy=0.272229
2016-11-14 12:45:38,546 Node[0] Epoch[2] Time cost=0.746
2016-11-14 12:45:38,608 Node[0] Saved checkpoint to "checkpoints/inception-bn-0003.params"
2016-11-14 12:45:38,718 Node[0] Epoch[2] Validation-accuracy=0.906250
2016-11-14 12:45:38,718 Node[0] Epoch[2] Validation-cross-entropy=0.281659
2016-11-14 12:45:39,385 Node[0] Epoch[3] Train-accuracy=0.894531
2016-11-14 12:45:39,385 Node[0] Epoch[3] Train-cross-entropy=0.237246
2016-11-14 12:45:39,385 Node[0] Epoch[3] Time cost=0.666
2016-11-14 12:45:39,438 Node[0] Saved checkpoint to "checkpoints/inception-bn-0004.params"
2016-11-14 12:45:39,547 Node[0] Epoch[3] Validation-accuracy=0.906250
2016-11-14 12:45:39,547 Node[0] Epoch[3] Validation-cross-entropy=0.202716
2016-11-14 12:45:40,211 Node[0] Epoch[4] Train-accuracy=0.953125
2016-11-14 12:45:40,211 Node[0] Epoch[4] Train-cross-entropy=0.177377
2016-11-14 12:45:40,212 Node[0] Epoch[4] Time cost=0.664
2016-11-14 12:45:40,263 Node[0] Saved checkpoint to "checkpoints/inception-bn-0005.params"
2016-11-14 12:45:40,370 Node[0] Epoch[4] Validation-accuracy=0.906250
2016-11-14 12:45:40,370 Node[0] Epoch[4] Validation-cross-entropy=0.234551
2016-11-14 12:45:41,111 Node[0] Epoch[5] Train-accuracy=0.947917
2016-11-14 12:45:41,111 Node[0] Epoch[5] Train-cross-entropy=0.174860
2016-11-14 12:45:41,111 Node[0] Epoch[5] Time cost=0.741
2016-11-14 12:45:41,162 Node[0] Saved checkpoint to "checkpoints/inception-bn-0006.params"
2016-11-14 12:45:41,271 Node[0] Epoch[5] Validation-accuracy=0.875000
2016-11-14 12:45:41,271 Node[0] Epoch[5] Validation-cross-entropy=0.288735
2016-11-14 12:45:41,932 Node[0] Epoch[6] Train-accuracy=0.917969
2016-11-14 12:45:41,932 Node[0] Epoch[6] Train-cross-entropy=0.215612
2016-11-14 12:45:41,932 Node[0] Epoch[6] Time cost=0.661
2016-11-14 12:45:41,983 Node[0] Saved checkpoint to "checkpoints/inception-bn-0007.params"
2016-11-14 12:45:42,092 Node[0] Epoch[6] Validation-accuracy=0.843750
2016-11-14 12:45:42,092 Node[0] Epoch[6] Validation-cross-entropy=0.204905
2016-11-14 12:45:42,759 Node[0] Epoch[7] Train-accuracy=0.953125
2016-11-14 12:45:42,759 Node[0] Epoch[7] Train-cross-entropy=0.131375
2016-11-14 12:45:42,759 Node[0] Epoch[7] Time cost=0.668
2016-11-14 12:45:42,810 Node[0] Saved checkpoint to "checkpoints/inception-bn-0008.params"
2016-11-14 12:45:42,917 Node[0] Epoch[7] Validation-accuracy=0.906250
2016-11-14 12:45:42,917 Node[0] Epoch[7] Validation-cross-entropy=0.209466
2016-11-14 12:45:43,663 Node[0] Epoch[8] Train-accuracy=0.961806
2016-11-14 12:45:43,663 Node[0] Epoch[8] Train-cross-entropy=0.135264
2016-11-14 12:45:43,663 Node[0] Epoch[8] Time cost=0.745
2016-11-14 12:45:43,718 Node[0] Saved checkpoint to "checkpoints/inception-bn-0009.params"
2016-11-14 12:45:43,823 Node[0] Epoch[8] Validation-accuracy=0.937500
2016-11-14 12:45:43,823 Node[0] Epoch[8] Validation-cross-entropy=0.157362
2016-11-14 12:45:44,485 Node[0] Epoch[9] Train-accuracy=0.964844
2016-11-14 12:45:44,485 Node[0] Epoch[9] Train-cross-entropy=0.105607
2016-11-14 12:45:44,485 Node[0] Epoch[9] Time cost=0.662
2016-11-14 12:45:44,537 Node[0] Saved checkpoint to "checkpoints/inception-bn-0010.params"
2016-11-14 12:45:44,641 Node[0] Epoch[9] Validation-accuracy=0.906250
2016-11-14 12:45:44,641 Node[0] Epoch[9] Validation-cross-entropy=0.242655
2016-11-15 17:30:15,265 Node[0] start with arguments Namespace(batch_size=32, clip_gradient=5.0, data_dir='./data', data_shape=224, finetune=True, finetune_scale=10.0, gpus='0', kv_store='local', load_epoch=1, log_dir='checkpoints', log_file='inception-bn.log', lr=0.001, lr_factor=0.5, lr_factor_epoch=15.0, model_prefix='checkpoints/Inception-BN', network='inception-bn', num_classes=8, num_epochs=10, num_examples=3399, save_model_prefix='checkpoints/inception-bn', train_dataset='train.rec', val_dataset='val.rec')
2016-11-15 17:30:52,937 Node[0] Epoch[0] Batch [50]	Speed: 440.37 samples/sec	Train-accuracy=0.485294
2016-11-15 17:30:52,937 Node[0] Epoch[0] Batch [50]	Speed: 440.37 samples/sec	Train-cross-entropy=1.533075
2016-11-15 17:30:56,526 Node[0] Epoch[0] Batch [100]	Speed: 445.76 samples/sec	Train-accuracy=0.562500
2016-11-15 17:30:56,526 Node[0] Epoch[0] Batch [100]	Speed: 445.76 samples/sec	Train-cross-entropy=1.269618
2016-11-15 17:30:56,944 Node[0] Epoch[0] Train-accuracy=0.614583
2016-11-15 17:30:56,944 Node[0] Epoch[0] Train-cross-entropy=1.055760
2016-11-15 17:30:56,944 Node[0] Epoch[0] Time cost=7.717
2016-11-15 17:30:57,016 Node[0] Saved checkpoint to "checkpoints/inception-bn-0001.params"
2016-11-15 17:30:57,799 Node[0] Epoch[0] Validation-accuracy=0.645833
2016-11-15 17:30:57,799 Node[0] Epoch[0] Validation-cross-entropy=1.030441
2016-11-15 17:31:01,431 Node[0] Epoch[1] Batch [50]	Speed: 450.18 samples/sec	Train-accuracy=0.604167
2016-11-15 17:31:01,431 Node[0] Epoch[1] Batch [50]	Speed: 450.18 samples/sec	Train-cross-entropy=1.102981
2016-11-15 17:31:04,968 Node[0] Epoch[1] Batch [100]	Speed: 452.40 samples/sec	Train-accuracy=0.614375
2016-11-15 17:31:04,968 Node[0] Epoch[1] Batch [100]	Speed: 452.40 samples/sec	Train-cross-entropy=1.065172
2016-11-15 17:31:05,321 Node[0] Epoch[1] Train-accuracy=0.662500
2016-11-15 17:31:05,321 Node[0] Epoch[1] Train-cross-entropy=0.960260
2016-11-15 17:31:05,322 Node[0] Epoch[1] Time cost=7.522
2016-11-15 17:31:05,385 Node[0] Saved checkpoint to "checkpoints/inception-bn-0002.params"
2016-11-15 17:31:06,165 Node[0] Epoch[1] Validation-accuracy=0.669271
2016-11-15 17:31:06,165 Node[0] Epoch[1] Validation-cross-entropy=0.939162
2016-11-15 17:31:22,699 Node[0] start with arguments Namespace(batch_size=64, clip_gradient=5.0, data_dir='./data', data_shape=224, finetune=True, finetune_scale=10.0, gpus='0', kv_store='local', load_epoch=1, log_dir='checkpoints', log_file='inception-bn.log', lr=0.001, lr_factor=0.5, lr_factor_epoch=15.0, model_prefix='checkpoints/Inception-BN', network='inception-bn', num_classes=8, num_epochs=10, num_examples=3399, save_model_prefix='checkpoints/inception-bn', train_dataset='train.rec', val_dataset='val.rec')
2016-11-15 17:31:30,974 Node[0] Epoch[0] Batch [50]	Speed: 464.86 samples/sec	Train-accuracy=0.490196
2016-11-15 17:31:30,975 Node[0] Epoch[0] Batch [50]	Speed: 464.86 samples/sec	Train-cross-entropy=1.475284
2016-11-15 17:31:31,402 Node[0] Epoch[0] Train-accuracy=0.578125
2016-11-15 17:31:31,402 Node[0] Epoch[0] Train-cross-entropy=1.136488
2016-11-15 17:31:31,402 Node[0] Epoch[0] Time cost=7.473
2016-11-15 17:31:31,467 Node[0] Saved checkpoint to "checkpoints/inception-bn-0001.params"
2016-11-15 17:31:32,242 Node[0] Epoch[0] Validation-accuracy=0.583333
2016-11-15 17:31:32,242 Node[0] Epoch[0] Validation-cross-entropy=1.172906
2016-11-15 17:31:39,308 Node[0] Epoch[1] Batch [50]	Speed: 463.41 samples/sec	Train-accuracy=0.591605
2016-11-15 17:31:39,308 Node[0] Epoch[1] Batch [50]	Speed: 463.41 samples/sec	Train-cross-entropy=1.138427
2016-11-15 17:31:39,580 Node[0] Epoch[1] Train-accuracy=0.632812
2016-11-15 17:31:39,580 Node[0] Epoch[1] Train-cross-entropy=0.967476
2016-11-15 17:31:39,581 Node[0] Epoch[1] Time cost=7.339
2016-11-15 17:31:39,671 Node[0] Saved checkpoint to "checkpoints/inception-bn-0002.params"
2016-11-15 17:31:40,458 Node[0] Epoch[1] Validation-accuracy=0.638021
2016-11-15 17:31:40,458 Node[0] Epoch[1] Validation-cross-entropy=1.019289
2016-11-15 17:31:47,500 Node[0] Epoch[2] Batch [50]	Speed: 464.69 samples/sec	Train-accuracy=0.649816
2016-11-15 17:31:47,500 Node[0] Epoch[2] Batch [50]	Speed: 464.69 samples/sec	Train-cross-entropy=1.025154
2016-11-15 17:31:47,782 Node[0] Epoch[2] Train-accuracy=0.656250
2016-11-15 17:31:47,782 Node[0] Epoch[2] Train-cross-entropy=0.909894
2016-11-15 17:31:47,782 Node[0] Epoch[2] Time cost=7.324
2016-11-15 17:31:47,841 Node[0] Saved checkpoint to "checkpoints/inception-bn-0003.params"
2016-11-15 17:31:48,615 Node[0] Epoch[2] Validation-accuracy=0.692708
2016-11-15 17:31:48,615 Node[0] Epoch[2] Validation-cross-entropy=0.902804
2016-11-15 17:31:56,152 Node[0] Epoch[3] Batch [50]	Speed: 433.84 samples/sec	Train-accuracy=0.665748
2016-11-15 17:31:56,152 Node[0] Epoch[3] Batch [50]	Speed: 433.84 samples/sec	Train-cross-entropy=0.953109
2016-11-15 17:31:56,463 Node[0] Epoch[3] Train-accuracy=0.726562
2016-11-15 17:31:56,463 Node[0] Epoch[3] Train-cross-entropy=0.847226
2016-11-15 17:31:56,463 Node[0] Epoch[3] Time cost=7.848
2016-11-15 17:31:56,518 Node[0] Saved checkpoint to "checkpoints/inception-bn-0004.params"
2016-11-15 17:31:57,293 Node[0] Epoch[3] Validation-accuracy=0.703125
2016-11-15 17:31:57,293 Node[0] Epoch[3] Validation-cross-entropy=0.877058
2016-11-15 17:32:04,725 Node[0] Epoch[4] Batch [50]	Speed: 440.12 samples/sec	Train-accuracy=0.670956
2016-11-15 17:32:04,725 Node[0] Epoch[4] Batch [50]	Speed: 440.12 samples/sec	Train-cross-entropy=0.912966
2016-11-15 17:32:05,015 Node[0] Epoch[4] Train-accuracy=0.718750
2016-11-15 17:32:05,015 Node[0] Epoch[4] Train-cross-entropy=0.743965
2016-11-15 17:32:05,015 Node[0] Epoch[4] Time cost=7.721
2016-11-15 17:32:05,090 Node[0] Saved checkpoint to "checkpoints/inception-bn-0005.params"
2016-11-15 17:32:05,883 Node[0] Epoch[4] Validation-accuracy=0.721354
2016-11-15 17:32:05,883 Node[0] Epoch[4] Validation-cross-entropy=0.793394
2016-11-15 17:32:12,979 Node[0] Epoch[5] Batch [50]	Speed: 461.17 samples/sec	Train-accuracy=0.707108
2016-11-15 17:32:12,979 Node[0] Epoch[5] Batch [50]	Speed: 461.17 samples/sec	Train-cross-entropy=0.861299
2016-11-15 17:32:13,257 Node[0] Epoch[5] Train-accuracy=0.750000
2016-11-15 17:32:13,257 Node[0] Epoch[5] Train-cross-entropy=0.780701
2016-11-15 17:32:13,257 Node[0] Epoch[5] Time cost=7.374
2016-11-15 17:32:13,307 Node[0] Saved checkpoint to "checkpoints/inception-bn-0006.params"
2016-11-15 17:32:14,076 Node[0] Epoch[5] Validation-accuracy=0.721354
2016-11-15 17:32:14,076 Node[0] Epoch[5] Validation-cross-entropy=0.785308
2016-11-15 17:32:21,149 Node[0] Epoch[6] Batch [50]	Speed: 462.67 samples/sec	Train-accuracy=0.710784
2016-11-15 17:32:21,150 Node[0] Epoch[6] Batch [50]	Speed: 462.67 samples/sec	Train-cross-entropy=0.828842
2016-11-15 17:32:21,431 Node[0] Epoch[6] Train-accuracy=0.703125
2016-11-15 17:32:21,432 Node[0] Epoch[6] Train-cross-entropy=0.877160
2016-11-15 17:32:21,432 Node[0] Epoch[6] Time cost=7.355
2016-11-15 17:32:21,483 Node[0] Saved checkpoint to "checkpoints/inception-bn-0007.params"
2016-11-15 17:32:22,275 Node[0] Epoch[6] Validation-accuracy=0.736979
2016-11-15 17:32:22,275 Node[0] Epoch[6] Validation-cross-entropy=0.748398
2016-11-15 17:32:29,472 Node[0] Epoch[7] Batch [50]	Speed: 454.66 samples/sec	Train-accuracy=0.716605
2016-11-15 17:32:29,472 Node[0] Epoch[7] Batch [50]	Speed: 454.66 samples/sec	Train-cross-entropy=0.810400
2016-11-15 17:32:29,757 Node[0] Epoch[7] Train-accuracy=0.718750
2016-11-15 17:32:29,757 Node[0] Epoch[7] Train-cross-entropy=0.790372
2016-11-15 17:32:29,757 Node[0] Epoch[7] Time cost=7.483
2016-11-15 17:32:29,877 Node[0] Saved checkpoint to "checkpoints/inception-bn-0008.params"
2016-11-15 17:32:30,691 Node[0] Epoch[7] Validation-accuracy=0.726562
2016-11-15 17:32:30,691 Node[0] Epoch[7] Validation-cross-entropy=0.745561
2016-11-15 17:32:37,892 Node[0] Epoch[8] Batch [50]	Speed: 454.16 samples/sec	Train-accuracy=0.717831
2016-11-15 17:32:37,892 Node[0] Epoch[8] Batch [50]	Speed: 454.16 samples/sec	Train-cross-entropy=0.796170
2016-11-15 17:32:38,167 Node[0] Epoch[8] Train-accuracy=0.718750
2016-11-15 17:32:38,167 Node[0] Epoch[8] Train-cross-entropy=0.719849
2016-11-15 17:32:38,167 Node[0] Epoch[8] Time cost=7.476
2016-11-15 17:32:38,218 Node[0] Saved checkpoint to "checkpoints/inception-bn-0009.params"
2016-11-15 17:32:38,996 Node[0] Epoch[8] Validation-accuracy=0.747396
2016-11-15 17:32:38,996 Node[0] Epoch[8] Validation-cross-entropy=0.721743
2016-11-15 17:32:46,132 Node[0] Epoch[9] Batch [50]	Speed: 458.61 samples/sec	Train-accuracy=0.734681
2016-11-15 17:32:46,132 Node[0] Epoch[9] Batch [50]	Speed: 458.61 samples/sec	Train-cross-entropy=0.759304
2016-11-15 17:32:46,547 Node[0] Epoch[9] Train-accuracy=0.718750
2016-11-15 17:32:46,547 Node[0] Epoch[9] Train-cross-entropy=0.780610
2016-11-15 17:32:46,547 Node[0] Epoch[9] Time cost=7.551
2016-11-15 17:32:46,631 Node[0] Saved checkpoint to "checkpoints/inception-bn-0010.params"
2016-11-15 17:32:47,330 Node[0] Epoch[9] Validation-accuracy=0.740625
2016-11-15 17:32:47,330 Node[0] Epoch[9] Validation-cross-entropy=0.701954
2016-11-15 19:25:29,633 Node[0] start with arguments Namespace(batch_size=64, clip_gradient=5.0, data_dir='./data', data_shape=224, finetune=True, finetune_scale=10.0, gpus='0', kv_store='local', load_epoch=1, log_dir='checkpoints', log_file='inception-bn.log', lr=0.001, lr_factor=0.5, lr_factor_epoch=15.0, model_prefix='checkpoints/Inception-BN', network='inception-bn', num_classes=8, num_epochs=10, num_examples=3399, save_model_prefix='checkpoints/inception-bn', train_dataset='train.rec', val_dataset='val.rec')
2016-11-15 19:25:39,111 Node[0] Epoch[0] Batch [50]	Speed: 447.85 samples/sec	Train-accuracy=0.483456
2016-11-15 19:25:39,112 Node[0] Epoch[0] Batch [50]	Speed: 447.85 samples/sec	Train-cross-entropy=1.491563
2016-11-15 19:25:39,537 Node[0] Epoch[0] Train-accuracy=0.598958
2016-11-15 19:25:39,537 Node[0] Epoch[0] Train-cross-entropy=1.162922
2016-11-15 19:25:39,538 Node[0] Epoch[0] Time cost=7.761
2016-11-15 19:25:39,667 Node[0] Saved checkpoint to "checkpoints/inception-bn-0001.params"
2016-11-15 19:25:40,481 Node[0] Epoch[0] Validation-accuracy=0.572917
2016-11-15 19:25:40,481 Node[0] Epoch[0] Validation-cross-entropy=1.194946
2016-11-15 19:25:47,692 Node[0] Epoch[1] Batch [50]	Speed: 455.05 samples/sec	Train-accuracy=0.594056
2016-11-15 19:25:47,693 Node[0] Epoch[1] Batch [50]	Speed: 455.05 samples/sec	Train-cross-entropy=1.146262
2016-11-15 19:25:47,970 Node[0] Epoch[1] Train-accuracy=0.671875
2016-11-15 19:25:47,970 Node[0] Epoch[1] Train-cross-entropy=0.922850
2016-11-15 19:25:47,970 Node[0] Epoch[1] Time cost=7.489
2016-11-15 19:25:48,093 Node[0] Saved checkpoint to "checkpoints/inception-bn-0002.params"
2016-11-15 19:25:48,911 Node[0] Epoch[1] Validation-accuracy=0.661458
2016-11-15 19:25:48,912 Node[0] Epoch[1] Validation-cross-entropy=0.999018
2016-11-15 19:25:56,264 Node[0] Epoch[2] Batch [50]	Speed: 446.47 samples/sec	Train-accuracy=0.639706
2016-11-15 19:25:56,265 Node[0] Epoch[2] Batch [50]	Speed: 446.47 samples/sec	Train-cross-entropy=1.021279
2016-11-15 19:25:56,586 Node[0] Epoch[2] Train-accuracy=0.664062
2016-11-15 19:25:56,587 Node[0] Epoch[2] Train-cross-entropy=0.957542
2016-11-15 19:25:56,587 Node[0] Epoch[2] Time cost=7.675
2016-11-15 19:25:56,717 Node[0] Saved checkpoint to "checkpoints/inception-bn-0003.params"
2016-11-15 19:25:57,522 Node[0] Epoch[2] Validation-accuracy=0.700521
2016-11-15 19:25:57,522 Node[0] Epoch[2] Validation-cross-entropy=0.918645
2016-11-15 19:26:04,880 Node[0] Epoch[3] Batch [50]	Speed: 446.26 samples/sec	Train-accuracy=0.670650
2016-11-15 19:26:04,880 Node[0] Epoch[3] Batch [50]	Speed: 446.26 samples/sec	Train-cross-entropy=0.966944
2016-11-15 19:26:05,187 Node[0] Epoch[3] Train-accuracy=0.703125
2016-11-15 19:26:05,188 Node[0] Epoch[3] Train-cross-entropy=0.836333
2016-11-15 19:26:05,188 Node[0] Epoch[3] Time cost=7.665
2016-11-15 19:26:05,313 Node[0] Saved checkpoint to "checkpoints/inception-bn-0004.params"
2016-11-15 19:26:06,122 Node[0] Epoch[3] Validation-accuracy=0.723958
2016-11-15 19:26:06,122 Node[0] Epoch[3] Validation-cross-entropy=0.869365
2016-11-15 19:26:13,408 Node[0] Epoch[4] Batch [50]	Speed: 450.38 samples/sec	Train-accuracy=0.674020
2016-11-15 19:26:13,408 Node[0] Epoch[4] Batch [50]	Speed: 450.38 samples/sec	Train-cross-entropy=0.920933
2016-11-15 19:26:13,769 Node[0] Epoch[4] Train-accuracy=0.687500
2016-11-15 19:26:13,769 Node[0] Epoch[4] Train-cross-entropy=0.838144
2016-11-15 19:26:13,769 Node[0] Epoch[4] Time cost=7.646
2016-11-15 19:26:13,902 Node[0] Saved checkpoint to "checkpoints/inception-bn-0005.params"
2016-11-15 19:26:14,708 Node[0] Epoch[4] Validation-accuracy=0.736979
2016-11-15 19:26:14,708 Node[0] Epoch[4] Validation-cross-entropy=0.804402
2016-11-15 19:26:21,958 Node[0] Epoch[5] Batch [50]	Speed: 452.51 samples/sec	Train-accuracy=0.696691
2016-11-15 19:26:21,958 Node[0] Epoch[5] Batch [50]	Speed: 452.51 samples/sec	Train-cross-entropy=0.867441
2016-11-15 19:26:22,375 Node[0] Epoch[5] Train-accuracy=0.781250
2016-11-15 19:26:22,375 Node[0] Epoch[5] Train-cross-entropy=0.753451
2016-11-15 19:26:22,375 Node[0] Epoch[5] Time cost=7.667
2016-11-15 19:26:22,513 Node[0] Saved checkpoint to "checkpoints/inception-bn-0006.params"
2016-11-15 19:26:23,331 Node[0] Epoch[5] Validation-accuracy=0.747396
2016-11-15 19:26:23,331 Node[0] Epoch[5] Validation-cross-entropy=0.790255
2016-11-15 19:26:30,651 Node[0] Epoch[6] Batch [50]	Speed: 448.14 samples/sec	Train-accuracy=0.717831
2016-11-15 19:26:30,652 Node[0] Epoch[6] Batch [50]	Speed: 448.14 samples/sec	Train-cross-entropy=0.822267
2016-11-15 19:26:31,133 Node[0] Epoch[6] Train-accuracy=0.750000
2016-11-15 19:26:31,134 Node[0] Epoch[6] Train-cross-entropy=0.845161
2016-11-15 19:26:31,134 Node[0] Epoch[6] Time cost=7.802
2016-11-15 19:26:31,262 Node[0] Saved checkpoint to "checkpoints/inception-bn-0007.params"
2016-11-15 19:26:32,070 Node[0] Epoch[6] Validation-accuracy=0.765625
2016-11-15 19:26:32,070 Node[0] Epoch[6] Validation-cross-entropy=0.755060
2016-11-15 19:26:39,289 Node[0] Epoch[7] Batch [50]	Speed: 454.67 samples/sec	Train-accuracy=0.725184
2016-11-15 19:26:39,289 Node[0] Epoch[7] Batch [50]	Speed: 454.67 samples/sec	Train-cross-entropy=0.781756
2016-11-15 19:26:39,573 Node[0] Epoch[7] Train-accuracy=0.742188
2016-11-15 19:26:39,573 Node[0] Epoch[7] Train-cross-entropy=0.815377
2016-11-15 19:26:39,573 Node[0] Epoch[7] Time cost=7.503
2016-11-15 19:26:39,717 Node[0] Saved checkpoint to "checkpoints/inception-bn-0008.params"
2016-11-15 19:26:40,516 Node[0] Epoch[7] Validation-accuracy=0.750000
2016-11-15 19:26:40,517 Node[0] Epoch[7] Validation-cross-entropy=0.740078
2016-11-15 19:26:47,739 Node[0] Epoch[8] Batch [50]	Speed: 454.22 samples/sec	Train-accuracy=0.723958
2016-11-15 19:26:47,740 Node[0] Epoch[8] Batch [50]	Speed: 454.22 samples/sec	Train-cross-entropy=0.779385
2016-11-15 19:26:48,023 Node[0] Epoch[8] Train-accuracy=0.726562
2016-11-15 19:26:48,023 Node[0] Epoch[8] Train-cross-entropy=0.814557
2016-11-15 19:26:48,024 Node[0] Epoch[8] Time cost=7.507
2016-11-15 19:26:48,164 Node[0] Saved checkpoint to "checkpoints/inception-bn-0009.params"
2016-11-15 19:26:48,977 Node[0] Epoch[8] Validation-accuracy=0.757812
2016-11-15 19:26:48,978 Node[0] Epoch[8] Validation-cross-entropy=0.703436
2016-11-15 19:26:56,195 Node[0] Epoch[9] Batch [50]	Speed: 454.76 samples/sec	Train-accuracy=0.723039
2016-11-15 19:26:56,195 Node[0] Epoch[9] Batch [50]	Speed: 454.76 samples/sec	Train-cross-entropy=0.774844
2016-11-15 19:26:56,621 Node[0] Epoch[9] Train-accuracy=0.713542
2016-11-15 19:26:56,622 Node[0] Epoch[9] Train-cross-entropy=0.803054
2016-11-15 19:26:56,622 Node[0] Epoch[9] Time cost=7.644
2016-11-15 19:26:56,751 Node[0] Saved checkpoint to "checkpoints/inception-bn-0010.params"
2016-11-15 19:26:57,436 Node[0] Epoch[9] Validation-accuracy=0.753125
2016-11-15 19:26:57,436 Node[0] Epoch[9] Validation-cross-entropy=0.691717
