2017-03-22 14:02:16,530 Node[0] start with arguments Namespace(aug_level=3, batch_size=16, clip_gradient=5.0, data_dir='./data', data_shape=224, finetune=True, finetune_scale=10.0, gpus='0', kv_store='local', load_epoch=0, log_dir='checkpoints', log_file='vgg19.log', lr=0.001, lr_factor=0.5, lr_factor_epoch=15.0, model_prefix='models/vgg19', network='vgg', num_classes=8, num_epochs=200, num_examples=3399, save_model_prefix='checkpoints/vgg19', train_dataset='train_256.rec', val_dataset='val_256.rec')
2017-03-22 14:02:24,670 Node[0] Epoch[0] Batch [50]	Speed: 282.62 samples/sec	Train-accuracy=0.295343
2017-03-22 14:02:24,670 Node[0] Epoch[0] Batch [50]	Speed: 282.62 samples/sec	Train-cross-entropy=5.609801
2017-03-22 14:02:27,516 Node[0] Epoch[0] Batch [100]	Speed: 281.18 samples/sec	Train-accuracy=0.416250
2017-03-22 14:02:27,516 Node[0] Epoch[0] Batch [100]	Speed: 281.18 samples/sec	Train-cross-entropy=1.796841
2017-03-22 14:02:30,341 Node[0] Epoch[0] Batch [150]	Speed: 283.18 samples/sec	Train-accuracy=0.381250
2017-03-22 14:02:30,342 Node[0] Epoch[0] Batch [150]	Speed: 283.18 samples/sec	Train-cross-entropy=1.864573
2017-03-22 14:02:33,158 Node[0] Epoch[0] Batch [200]	Speed: 284.04 samples/sec	Train-accuracy=0.417500
2017-03-22 14:02:33,159 Node[0] Epoch[0] Batch [200]	Speed: 284.04 samples/sec	Train-cross-entropy=1.840235
2017-03-22 14:02:33,835 Node[0] Epoch[0] Train-accuracy=0.343750
2017-03-22 14:02:33,835 Node[0] Epoch[0] Train-cross-entropy=1.871476
2017-03-22 14:02:33,835 Node[0] Epoch[0] Time cost=12.990
2017-03-22 14:02:34,722 Node[0] Saved checkpoint to "checkpoints/vgg19-0001.params"
2017-03-22 14:02:35,610 Node[0] Epoch[0] Validation-accuracy=0.466146
2017-03-22 14:02:35,610 Node[0] Epoch[0] Validation-cross-entropy=1.659280
2017-03-22 14:02:38,473 Node[0] Epoch[1] Batch [50]	Speed: 283.10 samples/sec	Train-accuracy=0.421569
2017-03-22 14:02:38,473 Node[0] Epoch[1] Batch [50]	Speed: 283.10 samples/sec	Train-cross-entropy=1.807323
2017-03-22 14:02:41,296 Node[0] Epoch[1] Batch [100]	Speed: 283.45 samples/sec	Train-accuracy=0.423750
2017-03-22 14:02:41,296 Node[0] Epoch[1] Batch [100]	Speed: 283.45 samples/sec	Train-cross-entropy=1.780518
2017-03-22 14:02:44,115 Node[0] Epoch[1] Batch [150]	Speed: 283.85 samples/sec	Train-accuracy=0.415000
2017-03-22 14:02:44,115 Node[0] Epoch[1] Batch [150]	Speed: 283.85 samples/sec	Train-cross-entropy=1.805902
2017-03-22 14:02:46,933 Node[0] Epoch[1] Batch [200]	Speed: 283.91 samples/sec	Train-accuracy=0.403750
2017-03-22 14:02:46,933 Node[0] Epoch[1] Batch [200]	Speed: 283.91 samples/sec	Train-cross-entropy=1.847930
2017-03-22 14:02:47,564 Node[0] Epoch[1] Train-accuracy=0.420455
2017-03-22 14:02:47,565 Node[0] Epoch[1] Train-cross-entropy=1.852906
2017-03-22 14:02:47,565 Node[0] Epoch[1] Time cost=11.955
2017-03-22 14:02:48,420 Node[0] Saved checkpoint to "checkpoints/vgg19-0002.params"
2017-03-22 14:02:49,110 Node[0] Epoch[1] Validation-accuracy=0.442708
2017-03-22 14:02:49,110 Node[0] Epoch[1] Validation-cross-entropy=1.805712
